0.556678 M parameters
step 0: train loss 2.6391, val loss 2.6391, time 0.63 seconds
add acc 0.0862
Total steps: 240 for 240 tokens
Avg decoded per step: 1.00
Sample:
58955505+5103777020011000212112121212021211001001222002200222211100222010100112020001020112012012020200021211022110211220202121202012012220121021200002002000201220010222120000012220012120211200111100120110210000211012212111012110102112102011100121200202201

step 50: train loss 2.3151, val loss 2.3079, time 21.03 seconds
add acc 0.1050
Total steps: 240 for 240 tokens
Avg decoded per step: 1.00
Sample:
34227618+8012746577222272225772772722272525225525575755755275555277252225572552557277725755722552757757722257722575227575725225527755757272552757527757777222227252272722522557552757527275255755572557222727775222555775227525727557755527577772775577275577225

step 100: train loss 2.3065, val loss 2.3051, time 43.30 seconds
add acc 0.1025
Total steps: 240 for 240 tokens
Avg decoded per step: 1.00
Sample:
33665710+1832743414411411811144181118118184881414811418481844141418841484184141444441414484814111841414144188881418844811888841818448414814181111881448114118444444118814481114884881184411844184114811148144811881814488144481181484884481888148481481844888848

step 150: train loss 2.3073, val loss 2.3055, time 65.17 seconds
add acc 0.1000
Total steps: 240 for 240 tokens
Avg decoded per step: 1.00
Sample:
06424121+8819808856858566656886665688668586685856565985585858868586855656888886856555858888585588658685868658886686865656865566656856688688598668888666868588885855566688688685588856866556556858858655556668558556668865855858665866566686888866565865865659866

step 199: train loss 2.3057, val loss 2.3008, time 86.86 seconds
add acc 0.1013
Total steps: 240 for 240 tokens
Avg decoded per step: 1.00
Sample:
37612729+0644092594449599255524955445944555444994495454524445489855254595554554994448545548458494444949599454999849955994992452224524899554849559555444545484485484854582485448482545555994599459499545955524559445599944954592992955525448444995952525554989544

Total training time: 94.91 seconds
Total steps: 1 for 1 tokens
Avg decoded per step: 1.00

Output:
96472722+21628245
