0.556676 M parameters
step 0: train loss 2.6391, val loss 2.6391, time 1.05 seconds
add acc 0.0862
Total steps: 240 for 240 tokens
Avg decoded per step: 1.00
Sample:
58955505+5103777020011000212112121212021211001001222002200222211100222010100112020001020112012012020200021211022110211220202121202012012220121021200002002000201220010222120000012220012120211200111100120110210000211012212111012110102112102011100121200202201

step 50: train loss 2.3151, val loss 2.3079, time 21.88 seconds
add acc 0.1050
Total steps: 240 for 240 tokens
Avg decoded per step: 1.00
Sample:
34227618+8012746577222272252222777572777555575572772577227775757727557752222222552257527552557527527277522222522275725272277227727552257525572552277727277275552777252577572752722277525722257277772752522757275252575725525727727572757277525577757557255577757

step 100: train loss 2.3073, val loss 2.3052, time 42.77 seconds
add acc 0.1025
Total steps: 240 for 240 tokens
Avg decoded per step: 1.00
Sample:
33665710+1832743414411411811144181118118184881414811418414118881418841484184141444881111181811184181818141114411418844811888841818444841144448144141818188441148444118814481114884881184411844444114811148144811881814488144481181484884481188448811414841444118

step 150: train loss 2.3111, val loss 2.3054, time 63.83 seconds
add acc 0.1000
Total steps: 240 for 240 tokens
Avg decoded per step: 1.00
Sample:
06424121+8819808856598858656565998868656686685855566#68+5588586858665666855556596688599656688858666686888868666688588658586586688888659866668656658685865858885988668688668888865999886666666886856868566566865855658568585566+5566+8585655688586656886855658666

step 199: train loss 2.3048, val loss 2.3004, time 85.04 seconds
add acc 0.0988
Total steps: 240 for 240 tokens
Avg decoded per step: 1.00
Sample:
37612729+0644092554499999449459445554454444585454544555955955945544455594444549494499544454455559954945549949544944959459559459495455459545495545555955449455955595554954994954599945595445899499954445999545559554559944955995944945955445945559495949595844594

Total training time: 92.34 seconds
Total steps: 1 for 1 tokens
Avg decoded per step: 1.00

Output:
96472722+21628245
