0.556678 M parameters
step 0: train loss 2.6391, val loss 2.6391, time 0.71 seconds
add acc 0.0862
Total steps: 240 for 240 tokens
Avg decoded per step: 1.00
Sample:
58955505+5103777020011000212112121212021211001001222002200222211100222010100112020001020112012012020200021211022110211220202121202012012220121021200002002000201220010222120000012220012120211200111100120110210000211012212111012110102112102011100121200202201

step 50: train loss 2.3121, val loss 2.3087, time 22.07 seconds
add acc 0.1087
Total steps: 240 for 240 tokens
Avg decoded per step: 1.00
Sample:
34227618+8012746807880075827052587008777288028787777780587508778258058250758888887805728028877877887857588787755587750200227275720850880728707588877778878870570775772880887020780720005077722005780888280778085787772800787088000777878775888878785757577888887

step 100: train loss 2.3058, val loss 2.3035, time 43.06 seconds
add acc 0.1025
Total steps: 240 for 240 tokens
Avg decoded per step: 1.00
Sample:
33665710+1832743116616118688118888618661118811668881868811868161618861686186161666881111181811186181818161116611681618611888861818666861166668166161818188661168666118816681116886881186611866666116811168166811881816688166681181686886681188668811616861666118

step 150: train loss 2.3087, val loss 2.3068, time 63.93 seconds
add acc 0.1000
Total steps: 240 for 240 tokens
Avg decoded per step: 1.00
Sample:
06424121+8819808856558858656565558868656686685855565565666585688586656668555565566885556566888586666868888686666885886585865866885886558666686566586858658588855886686886688888655558866666668868568685665668658556585685855688886668856656866588855866686666888

step 199: train loss 2.3043, val loss 2.2998, time 84.70 seconds
add acc 0.1125
Total steps: 240 for 240 tokens
Avg decoded per step: 1.00
Sample:
37612729+0644092549994449459454559999595955944955955494595444459594594444995459995599945494595554454559495544545499995494959595459955994995954954959955599449559945955444594445445955495455555995595544594954944594494995999494544459599595954595595445545495455

Total training time: 91.86 seconds
Total steps: 1 for 1 tokens
Avg decoded per step: 1.00

Output:
96472722+21628244
