0.556676 M parameters
step 0: train loss 2.6391, val loss 2.6391, time 0.64 seconds
add acc 0.0862
Total steps: 240 for 240 tokens
Avg decoded per step: 1.00
Sample:
58955505+5103777020011000212112121212021211001001222002200222211100222010100112020001020112012012020200021211022110211220202121202012012220121021200002002000201220010222120000012220012120211200111100120110210000211012212111012110102112102011100121200202201

step 50: train loss 2.3204, val loss 2.3115, time 21.40 seconds
add acc 0.0938
Total steps: 240 for 240 tokens
Avg decoded per step: 1.00
Sample:
34227618+8012746525225522772722577272277755752775257522522522525222555755575575722555552222525227522272755555227222755757775257255277725722727772552772757275772572252225575752552522752255275727757557777552725522222255522522755275752527755527752555275257557

step 100: train loss 2.3077, val loss 2.3051, time 42.36 seconds
add acc 0.1025
Total steps: 240 for 240 tokens
Avg decoded per step: 1.00
Sample:
33665710+1832743414411411811144181118118184881414811418414118881418841484184141444881111181811184181818141114411418844811888841818444841144448141881114181848148444118814481114884881184411844444114811148144811881814488144481181484884488888448811414841444118

step 150: train loss 2.3031, val loss 2.3102, time 63.11 seconds
add acc 0.1000
Total steps: 240 for 240 tokens
Avg decoded per step: 1.00
Sample:
06424121+8819808558115511551155855551811118881588185188511111881588885668658888858588888858558668688686556688665888655856856658568868688568886856866855566585886565556865685666686656565888558668666886588566858858868685555858566686866685665555688565865555888

step 199: train loss 2.3051, val loss 2.3002, time 84.06 seconds
add acc 0.1125
Total steps: 240 for 240 tokens
Avg decoded per step: 1.00
Sample:
37612729+0644092549554944458585558454444845485558854845888585554855858445558545548458584888588548888854544588548455544488445454488554584584558885458444855854558884484584544855444585584885558885584485485544585455458545858484485445844488888558854444848554454

Total training time: 91.05 seconds
Total steps: 1 for 1 tokens
Avg decoded per step: 1.00

Output:
96472722+21628244
