0.55642 M parameters
step 0: train loss 2.5649, val loss 2.5649, time 0.54 seconds
bidir acc 0.0944
Total steps: 240 for 240 tokens
Avg decoded per step: 1.00
Sample:
58955505|0998227020011000212112121021201101012022100000122000221100222010100112000112102002110001020220112112210110211220202121210022022100010020002222002121012220010222120000012121022022212220200110212020020000211012212111021000012121112110021110200121102

step 100: train loss 2.3045, val loss 2.3073, time 22.14 seconds
bidir acc 0.1087
Total steps: 240 for 240 tokens
Avg decoded per step: 1.00
Sample:
15038035|4851747223533535233352352355222352552255325223223552533533522223553322232335323352322323322353532353322532355223532325333222553223252332332533225352223322553522523253232322532533553523322252353353533532332525253525525252353252553335252525253553335

step 200: train loss 2.3044, val loss 2.3033, time 42.72 seconds
bidir acc 0.1138
Total steps: 240 for 240 tokens
Avg decoded per step: 1.00
Sample:
08364613|8040151696699699499966946694999944644464994499449999664694469646946969669494499664496496966494469946664694466499444469464469494696449449949699664464694666994496649996449696446944999969999499446644496449496644966649999444496649696494444699469699464

step 300: train loss 2.3130, val loss 2.3117, time 63.45 seconds
bidir acc 0.1037
Total steps: 240 for 240 tokens
Avg decoded per step: 1.00
Sample:
96565399|1417389999955225955555229529555525525299259595952922925929992955925599959592552522299922299292955555599299229295992952555552295229599252292599925252292552252992999999929922922952292599955252522225929255995522292555522522225522555222552299252595529

step 400: train loss 2.3029, val loss 2.3048, time 84.52 seconds
bidir acc 0.0956
Total steps: 240 for 240 tokens
Avg decoded per step: 1.00
Sample:
16741871|2970485183138388188833388838833838188813881188818313383118113331118383338383318888881133833833111133138311311113811111133818318388331113118188381111183318138138138333111838183388383838383388881388388338881181818318133118831188888338118311831831388

step 499: train loss 2.3019, val loss 2.3030, time 104.84 seconds
bidir acc 0.1087
Total steps: 240 for 240 tokens
Avg decoded per step: 1.00
Sample:
39203421|0337805432224343343332423324342232332433244333422244322342233444243442322243222443333244224443423332344222223222434322444243242242443322322433444424223433444424332324244233244442432324343232444222324334344433243443233243333432342434424343444242242

Total training time: 109.74 seconds
Total steps: 1 for 1 tokens
Avg decoded per step: 1.00

Output:
72552088|54969152
