0.55642 M parameters
step 0: train loss 2.5649, val loss 2.5649, time 0.47 seconds
bidir acc 0.0944
Total steps: 240 for 240 tokens
Avg decoded per step: 1.00
Sample:
58955505|0998227020011000212112121021201101012022100000122000221100222010100112000112102002110001020220112112210110211220202121210022022100010020002222002121012220010222120000012121022022212220200110212020020000211012212111021000012121112110021110200121102

step 100: train loss 2.3050, val loss 2.3071, time 21.22 seconds
bidir acc 0.0931
Total steps: 240 for 240 tokens
Avg decoded per step: 1.00
Sample:
15038035|4851747525552223552223353532325222532235525525535253525533533332552233333533332352253233525222255235333525533253532222352235253525525523222522525253332333325255552552325533553522552533352232552335253235322355223525525253252353552223355333232322332

step 200: train loss 2.3050, val loss 2.3036, time 42.38 seconds
bidir acc 0.1138
Total steps: 240 for 240 tokens
Avg decoded per step: 1.00
Sample:
08364613|8040151797899799499974479944944997774499444949474944744977799497749779977994474999797749774494474477747474977444974447997944997997977499449994499797977944779994999479449749974949794497499779977779797449494774749777494479974497477799479947447974449

step 300: train loss 2.3124, val loss 2.3108, time 64.69 seconds
bidir acc 0.1037
Total steps: 240 for 240 tokens
Avg decoded per step: 1.00
Sample:
96565399|1417389555295955259999299525552299999559229552292955925955529229922229925295555229299592555255525295295225552295992952555552592292522522255252522225259959555555952552252522925259292599955292229552995992595529922595525595222595555252599992225559599

step 400: train loss 2.3034, val loss 2.3054, time 87.48 seconds
bidir acc 0.0956
Total steps: 240 for 240 tokens
Avg decoded per step: 1.00
Sample:
16741871|2970485313113138113813311318818183381113811318181133183838313838183811188831888833888833811118888838333833888331831833313888813338881183883813381381138381383311133318188331381838818381183883833883138131338388381838113318811318833183133318888118883

step 499: train loss 2.3019, val loss 2.3027, time 109.44 seconds
bidir acc 0.1087
Total steps: 240 for 240 tokens
Avg decoded per step: 1.00
Sample:
39203421|0337805432244333423234433433244424344423244432223332423342233442324343222424332224433224442242322432233243433243332322444243242242443332444423223323334223223244344342442222233432424234343232424432433334344242224443233243333442424324424344234432443

Total training time: 114.61 seconds
Total steps: 1 for 1 tokens
Avg decoded per step: 1.00

Output:
72552088|54969152
