0.55642 M parameters
step 0: train loss 2.5649, val loss 2.5649, time 0.59 seconds
bidir acc 0.0969
Total steps: 240 for 240 tokens
Avg decoded per step: 1.00
Sample:
3205600427598065020011000212112121212021211001001222002200222211100222010100112020001020112012012020200021211022110211220202121202012012220121021200002002000201220010222120000012220012120211200111100120110210000211012212111012110102112102011100121200202201

step 50: train loss 2.3074, val loss 2.3090, time 20.95 seconds
bidir acc 0.1059
Total steps: 240 for 240 tokens
Avg decoded per step: 1.00
Sample:
7129259623025757888783778788388783778873888778773787070737383838837373878838838338387873833788388733377370887877333788338378887373777738778888388377783737338838788383383778783373833737388838837773737808883888373333387387377333333338388777333333377773788377

step 100: train loss 2.3079, val loss 2.3120, time 41.95 seconds
bidir acc 0.1000
Total steps: 240 for 240 tokens
Avg decoded per step: 1.00
Sample:
3039998680122429120020221011221022101210012012012210002211100112012102201221001000210002220110210221121210010102021221112102112002111120002001212211121011022012002010100221212120201222222110221211221210212102222022020202012200000002211011121200220102111111

step 150: train loss 2.3037, val loss 2.3042, time 63.15 seconds
bidir acc 0.0969
Total steps: 240 for 240 tokens
Avg decoded per step: 1.00
Sample:
7743535615644222262665265562626665252562525526566626626255656222655562552666626625226662625222655555252222552522226525656556555266525665555525625655265565655566525525655522222563665256255552252622566256256265662656226566222225552262562255652266555525552255

step 199: train loss 2.3041, val loss 2.3043, time 83.95 seconds
bidir acc 0.0950
Total steps: 240 for 240 tokens
Avg decoded per step: 1.00
Sample:
9573381640828852255555512255151552521211221552211211551251222221112225251522511222521551121111551221225221515252515255121152111555215115151552211551522251152552212112511215252125225221551151515255555152222525512511151255211111552512115215112111225125121151

Total training time: 91.09 seconds
Total steps: 1 for 1 tokens
Avg decoded per step: 1.00

Output:
55025967044284015
