0.55642 M parameters
step 0: train loss 2.5649, val loss 2.5649, time 0.65 seconds
bidir acc 0.0969
Total steps: 240 for 240 tokens
Avg decoded per step: 1.00
Sample:
3205600427598065020011000212112121212021211001001222002200222211100222010100112020001020112012012020200021211022110211220202121202012012220121021200002002000201220010222120000012220012120211200111100120110210000211012212111012110102112102011100121200202201

step 50: train loss 2.3116, val loss 2.3116, time 21.34 seconds
bidir acc 0.1091
Total steps: 240 for 240 tokens
Avg decoded per step: 1.00
Sample:
7129259623025757700730703303033303003073773070037030707033373703003777070303737073073773777073370370730330707000733707030007333007700307330037337307033333077007773703373777333033703703337777077707073333307370333777777000733773030303333037700333777077330703

step 100: train loss 2.3075, val loss 2.3112, time 42.31 seconds
bidir acc 0.0959
Total steps: 240 for 240 tokens
Avg decoded per step: 1.00
Sample:
3039998680122429112210101281821221281822211881211828221818221188818818211211288181882111211221182122822218282881828212181182218811228812811811188282281212818211818882811181881822211822228888288228818221118818221222821181822212112112881888128112188181222222

step 150: train loss 2.3050, val loss 2.3049, time 62.83 seconds
bidir acc 0.1053
Total steps: 240 for 240 tokens
Avg decoded per step: 1.00
Sample:
7743535615644222260662262060606662202060020026266606606000626022620060002666606600226660600222620000202222020000222006000066220626000266662066626226266002062002220020620022222066662200006626066026662226026660660626026266022220002260060200622266200020000222

step 199: train loss 2.3043, val loss 2.3045, time 83.22 seconds
bidir acc 0.0953
Total steps: 240 for 240 tokens
Avg decoded per step: 1.00
Sample:
9573381640828852529992522999522922529595255292952925592955225529995552529255299555229229959999292292999555555225295952959259959992292922999992292229922929255595595995299592522225222552925595922252522525252952295299929522599999292999929229229522995922229252

Total training time: 90.95 seconds
Total steps: 1 for 1 tokens
Avg decoded per step: 1.00

Output:
55025967044284012
