0.554372 M parameters
step 0: train loss 1.6094, val loss 1.6094, time 0.62 seconds
bidir acc 0.4947
Total steps: 240 for 240 tokens
Avg decoded per step: 1.00
Sample:
10011001111110110|0011000|1|11|1|1|1|0|1|11001001|||00||00||||11100|||01010011|0|00010|011|01|01|0|0|000|1|110||110|11||0|0|1|1|0|01|01|||01|10|1|0000|00|000|01||0010|||1|000001|||001|1|0|11|001111001|0110|10000|1101||1|11101|11010|11|10|0111001|1|00|0||01

step 100: train loss 0.7009, val loss 0.6955, time 35.63 seconds
bidir acc 0.4913
Total steps: 5 for 240 tokens
Avg decoded per step: 48.00
Sample:
1101100011011011101101010010011001101110010100110100100010100010000111100000101011110011010000111000111100110011010001100100000110000110100000101010000111100011000110000001000000110110010010100000100001010111100010001010011001110101000010010110001110010101

step 200: train loss 0.6930, val loss 0.6951, time 66.08 seconds
bidir acc 0.5000
Total steps: 5 for 240 tokens
Avg decoded per step: 48.00
Sample:
1011010100101101001011011100000001001110001111110001100100011001010100111101010101100000011111111111010100010100110010101000110100011011000001000010010001100100110111001100100011111100010110010010000010000111110011000101000001000100111000000011001111111101

step 300: train loss 0.6949, val loss 0.6938, time 97.15 seconds
bidir acc 0.5034
Total steps: 5 for 240 tokens
Avg decoded per step: 48.00
Sample:
1000000110011101001101110111001100000110111100000100110001110000011001111010111110101101010111100101101000011100100101011111101111110001001010010010110010000111101100010010001101011100011001011011111111010010011011111000010011010010101000000111011110011100

step 400: train loss 0.6936, val loss 0.6955, time 127.73 seconds
bidir acc 0.5075
Total steps: 5 for 240 tokens
Avg decoded per step: 48.00
Sample:
1110110001111011110100010110111111101011011111010100110011100000001011000010100100001010000100011101010010101000110001010010101100000000100000100101111100001001111111100000010110101001000110001101111100111000110010100000100111101110000100001110111110100011

step 499: train loss 0.6933, val loss 0.6937, time 157.18 seconds
bidir acc 0.5047
Total steps: 5 for 240 tokens
Avg decoded per step: 48.00
Sample:
1011000001100000101100111001000010110110101001011100011010010100010100110001111101101100111101111010001100001001111011111010101100111000111011110011011111011011101111011110000011101011010000001100110011001000100000101001000010011010101001101000111001111101

Total training time: 160.44 seconds
Total steps: 1 for 1 tokens
Avg decoded per step: 1.00

Output:
00110111101010010
