0.557452 M parameters
step 0: train loss 2.8332, val loss 2.8332, time 0.48 seconds
cipher acc 0.0984
Total steps: 240 for 240 tokens
Avg decoded per step: 1.00
Sample:
A=15502586724532020011000212112121212021211001001222002200222211212200200001010120200121001202111020220112112210022002122000200020221010220211010011221200212001200021220221101212121022022212221100110011201021122122000220100210211220012101110211221211122210

step 50: train loss 2.3064, val loss 2.3054, time 30.17 seconds
cipher acc 0.0919
Total steps: 240 for 240 tokens
Avg decoded per step: 1.00
Sample:
A=32520066407497922666626696266922696262296222222226999662992992226669999922996292629966666692226929222299269662662666669626262229922996262692922626669962622992962969666662969666922629929269699226699662666299969669222296662662692966299926966262992266929966

step 99: train loss 2.3021, val loss 2.3015, time 60.02 seconds
cipher acc 0.0966
Total steps: 240 for 240 tokens
Avg decoded per step: 1.00
Sample:
A=49670198744145797799799399977939993993937339797399793797993339799997337973377797333979777399977977393379937773733797777373393333393333397799977997797337993773999393779733793339797337933999977779973379373779773779777979397379733773973739373973777937793397

Total training time: 70.12 seconds
Total steps: 1 for 1 tokens
Avg decoded per step: 1.00

Output:
A=188585090343209
