0.557452 M parameters
step 0: train loss 2.8332, val loss 2.8332, time 0.48 seconds
cipher acc 0.0984
Total steps: 240 for 240 tokens
Avg decoded per step: 1.00
Sample:
A=15502586724532020011000212112121212021211001001222002200222211212200200001010120200121001202111020220112112210022002122000200020221010220211010011221200212001200021220221101212121022022212221100110011201021122122000220100210211220012101110211221211122210

step 50: train loss 2.3068, val loss 2.3056, time 30.18 seconds
cipher acc 0.1022
Total steps: 240 for 240 tokens
Avg decoded per step: 1.00
Sample:
A=32520066407497299666696626966299626969926999999996229629622926926969992266229999962922692692626292999922962669669666662696969992299226929692699699996922266929269662699696292696299692292962622996622662969296269969999292629622262296922692622296296626222966

step 99: train loss 2.3021, val loss 2.3016, time 60.43 seconds
cipher acc 0.0966
Total steps: 240 for 240 tokens
Avg decoded per step: 1.00
Sample:
A=49670198744145797333399393373397733997399939993779379777793939939739779973993779777797733393737977393379937773733797777373393333393333397799977997797337993773999393779733793339797733739737779393779793797333799373997773977333939993399739399397979797793397

Total training time: 70.51 seconds
Total steps: 1 for 1 tokens
Avg decoded per step: 1.00

Output:
A=188585090343209
