0.557452 M parameters
step 0: train loss 2.8332, val loss 2.8332, time 0.87 seconds
cipher acc 0.0975
Total steps: 240 for 240 tokens
Avg decoded per step: 1.00
Sample:
A=54336606050459020011000212112121212021211001001222002200222211212200200001010120200121001202111020220112112210022002122000200020221010220211010011221200212001200021220221101212121022022212221100110011201021122122000220100210211220012101110211221211122210

step 50: train loss 2.3108, val loss 2.3136, time 31.01 seconds
cipher acc 0.1087
Total steps: 240 for 240 tokens
Avg decoded per step: 1.00
Sample:
A=31986320088611022444424404244022404242204222222224000442002002224440000022004202420044444402224020222200240442442444440424242220022004242402022424440042422002042040444442040224022400024420244242240044242024042242222020402400040442402420242042002244020044

step 100: train loss 2.3132, val loss 2.3123, time 61.71 seconds
cipher acc 0.1003
Total steps: 240 for 240 tokens
Avg decoded per step: 1.00
Sample:
A=35862820479623313331535533513515111531115353513711537531313313531555553153155531531311551115557333133133533115315311333333131533511355551113131533131351513315355111333371311113753531315115331533513353515333733553375551355315331551555335137353337137551531

step 150: train loss 2.3077, val loss 2.3049, time 92.86 seconds
cipher acc 0.0994
Total steps: 240 for 240 tokens
Avg decoded per step: 1.00
Sample:
A=91588596498294991040900199190009990001911011109090090990019099090099999100901949999919001009001109401099100990194101010191000011999010101009001099019994199490110009999901110110011110000999419011900090000110999919919011011019999900990991999901109941001090

step 199: train loss 2.3045, val loss 2.3066, time 123.61 seconds
cipher acc 0.0916
Total steps: 240 for 240 tokens
Avg decoded per step: 1.00
Sample:
A=43612443321321222452454545525225442252242445442422422455444454424424255244522425554442525425252455445244424454424445224242244525455225422245224524522224542255554245444442425544522445525425245242454245454425452424542554422244454542424555255454444544545425

Total training time: 134.01 seconds
Total steps: 1 for 1 tokens
Avg decoded per step: 1.00

Output:
A=061406167568574
