0.557452 M parameters
step 0: train loss 2.8332, val loss 2.8332, time 0.89 seconds
cipher acc 0.0975
Total steps: 240 for 240 tokens
Avg decoded per step: 1.00
Sample:
A=54336606050459020011000212112121212021211001001222002200222211212200200001010120200121001202111020220112112210022002122000200020221010220211010011221200212001200021220221101212121022022212221100110011201021122122000220100210211220012101110211221211122210

step 50: train loss 2.3105, val loss 2.3133, time 31.93 seconds
cipher acc 0.1087
Total steps: 240 for 240 tokens
Avg decoded per step: 1.00
Sample:
A=31986320088611022444424404244022404242204222222224000442002002224440000022004202420044444402224020222200240442442444440424242220022004242402022424440042422002042040444442040224022422220240400224400442444200040440222204442442402044200024044242002244020044

step 100: train loss 2.3137, val loss 2.3122, time 64.17 seconds
cipher acc 0.1003
Total steps: 240 for 240 tokens
Avg decoded per step: 1.00
Sample:
A=35862820479623131111335113111135513533151315551135131355355135133515135135333511511551155355113553315331335113131113133535113355355531551351133555551315315313135311513535351351335113333315551555335353311111511311335133111153355351333131555333135335115133

step 150: train loss 2.3072, val loss 2.3052, time 95.73 seconds
cipher acc 0.0994
Total steps: 240 for 240 tokens
Avg decoded per step: 1.00
Sample:
A=91588596498294909019919111000109991001990909109109090999901099119009100100011099199119991110110009101919990990019101090909911091191099100011101010101099919919001199019091099191000019019909901010101999999091919910011191999010191091009091019901900900999101

step 199: train loss 2.3046, val loss 2.3068, time 127.15 seconds
cipher acc 0.0916
Total steps: 240 for 240 tokens
Avg decoded per step: 1.00
Sample:
A=43612443321321222442244442552222244444454245222244224424442554245222425444554424522445554552252455445242244444442554445455224542222242555445455554442522222244552424252245555545524554554555454222252455445455245455445255444445545444544544254524255545254425

Total training time: 137.59 seconds
Total steps: 1 for 1 tokens
Avg decoded per step: 1.00

Output:
A=061406167568574
