0.557452 M parameters
step 0: train loss 2.8332, val loss 2.8332, time 0.61 seconds
constr acc 0.0944
Total steps: 240 for 240 tokens
Avg decoded per step: 1.00
Sample:
P=47128582386925020011000212112121212021211001001222002200222211212200200001010120200121001202111101212210212020100001001102212110022022100010022101020000122101011222222020100110111202020200102102211012202020222100220002222211210101221110120021110200121102

step 50: train loss 2.1051, val loss 2.0909, time 41.34 seconds
constr acc 0.2200
Total steps: 240 for 240 tokens
Avg decoded per step: 1.00
Sample:
P=00495992290147755999959979599755979755759755795555557559999995757904799999555979579975559957799795779575797595799975995577955957979445497997595579799579799797977979957995555779755995597755957799979999957795955959955595595595575755975775759977979955975555

step 100: train loss 1.0551, val loss 0.9994, time 82.26 seconds
constr acc 0.5455
Total steps: 240 for 240 tokens
Avg decoded per step: 1.00
Sample:
P=58506438602188707579778787778778787778778978878778778778778787798778788978788787997778778978798897798777987778797877777777778889777777977778787758799797788777777777779897777799777777779777778897987797787777777799777777998777779777778787877779797787777987

step 150: train loss 0.6769, val loss 0.6417, time 126.32 seconds
constr acc 0.5805
Total steps: 7 for 240 tokens
Avg decoded per step: 34.29
Sample:
P=76821422363010779797779779797999797997999997799919979979997971977997997997719779997799799779779979991997799199979999799977799979997999997991979977799997999979797979979799999997779999979997999797999977977977977799997797777979997999997977791977799777999997

step 199: train loss 0.5731, val loss 0.5422, time 163.21 seconds
constr acc 0.6030
Total steps: 9 for 240 tokens
Avg decoded per step: 26.67
Sample:
P=28636150807280887879877998978799788987777778978779797777777777778779797989987798788797789779797879978777877779798998889979877878777799878877789779878987789979899977878887978789979898778998878889889997997898877998979977799887979889888877991799999779999799

Total training time: 169.74 seconds
Total steps: 1 for 1 tokens
Avg decoded per step: 1.00

Output:
P=178107308712959
