0.557452 M parameters
step 0: train loss 2.8332, val loss 2.8332, time 0.89 seconds
constr acc 0.0963
Total steps: 240 for 240 tokens
Avg decoded per step: 1.00
Sample:
P=22563815572095020011000212112121212021211001001222002200222211212200200001010120200121001202111020220112112210022002122000200020221010220211010011221200212001200021220221101212121022022212221100110011201021122122000220100210211220012101110211221211122210

step 200: train loss 2.1795, val loss 2.1803, time 95.29 seconds
constr acc 0.1691
Total steps: 240 for 240 tokens
Avg decoded per step: 1.00
Sample:
P=03412338234491406020260207660644444004664604006406000646066406646640664604640440446640466404666040446400444664446444060006064760604600700666647006460006606666007074070447046449266000044406400660664402002007644046404064024267026262402440026040242600444262

step 400: train loss 2.1610, val loss 2.1747, time 191.79 seconds
constr acc 0.1516
Total steps: 240 for 240 tokens
Avg decoded per step: 1.00
Sample:
P=41825849882539338811122222833333838333238213321333831388318383313831812813281228888138388388388381333188183813111338133113838113883131338138313888333188181813178331888833113883833133333319819133813311833338188318193388183331319813333831883333188338888183

step 600: train loss 2.1626, val loss 2.1668, time 293.08 seconds
constr acc 0.1756
Total steps: 240 for 240 tokens
Avg decoded per step: 1.00
Sample:
P=60553521387987404009909404090004499409449440400090090999040944090994990440409499444440449444909999202444449940929999090004404044094044004009909404494909404904944449094994994940090909409900222020092992092000020292990029092203209929290930020332002209920940

step 800: train loss 2.1710, val loss 2.1706, time 387.69 seconds
constr acc 0.1525
Total steps: 240 for 240 tokens
Avg decoded per step: 1.00
Sample:
P=74122587391642035821153535151115335111113511133131133511115515113515151131353311551113511551151455554355534545434544144545513501144343411555553133151313511311335333335311351504333343133803523311131345133315113533555155311313115515155333155131151533553355

step 999: train loss 2.1620, val loss 2.1614, time 483.28 seconds
constr acc 0.1584
Total steps: 240 for 240 tokens
Avg decoded per step: 1.00
Sample:
P=43590302370537292292692692966922666262696999699226269299269626296626962969692622269929222926290221292469929462929469996999992924964529299266696292996262622226966296266692226222582209294126926572942646996546679221929429122657496292622996626699966699296969

Total training time: 493.82 seconds
Total steps: 1 for 1 tokens
Avg decoded per step: 1.00

Output:
P=290085594456585
