0.557452 M parameters
step 0: train loss 2.8332, val loss 2.8332, time 0.50 seconds
constr acc 0.0872
Total steps: 240 for 240 tokens
Avg decoded per step: 1.00
Sample:
P=99036903860386020011000212112121212021211001001222002200222211212200200001010120200121001202111020220112112210022002122000200020221010220211010011221200212001200021220221101212121022022212221100110011201021122122000220100210211220012101110211221211122210

step 50: train loss 2.3046, val loss 2.3288, time 29.92 seconds
constr acc 0.1006
Total steps: 240 for 240 tokens
Avg decoded per step: 1.00
Sample:
P=70991835561359444288822284448488244484424842424442242422224224288484244248444442422482424444484828282888422424888488284448442288422444282248448284248822242882484482882482888484888884242284848448222842424222822444444284842882882884482448444284824228848242

step 100: train loss 2.2877, val loss 2.2680, time 60.54 seconds
constr acc 0.1509
Total steps: 240 for 240 tokens
Avg decoded per step: 1.00
Sample:
P=68875709800845525335322323552525333923453553435222222234553322532233532232355553252233235232322223539953322325255355323253235252253352233333323223523553323522322555223352522344995252345555523995535225344391255532523235333333223335553225553553353233535255

step 150: train loss 2.1872, val loss 2.1843, time 90.97 seconds
constr acc 0.1609
Total steps: 240 for 240 tokens
Avg decoded per step: 1.00
Sample:
P=56838240882374515165565661113925515135151156513926616111351155113115613551511561555551556555661666561655551551119115555665555611411555155614155145156615155141466156665551566566161551151156166556611666566616115616166666165551616555661666116651661655515665

step 199: train loss 2.1590, val loss 2.1782, time 121.05 seconds
constr acc 0.1366
Total steps: 240 for 240 tokens
Avg decoded per step: 1.00
Sample:
P=39729118497959313545475755548877744488884447777847488887844474487884488447448884744778874777487797939678888888787448444784747877444447777784778784847747484744447477788488787777587747844777447848487474484474888744888774747747884878877447774448778784844844

Total training time: 131.55 seconds
Total steps: 1 for 1 tokens
Avg decoded per step: 1.00

Output:
P=769326091536535
