0.557452 M parameters
step 0: train loss 2.8332, val loss 2.8332, time 1.03 seconds
constr acc 0.0963
Total steps: 240 for 240 tokens
Avg decoded per step: 1.00
Sample:
P=22563815572095020011000212112121212021211001001222002200222211212200200001010120200121001202111020220112112210022002122000200020221010220211010011221200212001200021220221101212121022022212221100110011201021122122000220100210211220012101110211221211122210

step 200: train loss 0.4784, val loss 0.5055, time 98.09 seconds
constr acc 0.6691
Total steps: 131 for 240 tokens
Avg decoded per step: 1.83
Sample:
P=03412338234491464444434444444434444444444444447144444444444444444444444444444444444444444444444444434444443444444444444444344444444444444444444444444444444444444444444444444444444443434344447244444444444444444444444444444444444444444444444444444444444444

step 400: train loss 0.5080, val loss 0.5385, time 193.67 seconds
constr acc 0.6575
Total steps: 103 for 240 tokens
Avg decoded per step: 2.33
Sample:
P=41825849882539050056000064606604000666660666060666460666666606066646066666666666666666666666668040064606000400064646464044044644400444440444444044640440440444444444444444444444440000000000000044444040400000000000000000000000064440400000000000000000000000

step 600: train loss 0.4485, val loss 0.4490, time 288.46 seconds
constr acc 0.6819
Total steps: 79 for 240 tokens
Avg decoded per step: 3.04
Sample:
P=60553521387987511111211112111111111111117111111111111111111111111111112111111111111111111111110516151516110151010101015101510101010101010181013191315101111111111111111101111105151516151151015151510151015181810591010101015511010101015051010101010111011111

step 800: train loss 0.5321, val loss 0.5061, time 383.63 seconds
constr acc 0.6497
Total steps: 5 for 240 tokens
Avg decoded per step: 48.00
Sample:
P=74122587391642232113311313311317373137113711377177733171711171131331771711113313173317711111333121131331371373133111111113113113111113731137337313171173171731311171131173131713313137371111133131313111171333711311117131173311333171731117711171111333131711

step 999: train loss 0.4607, val loss 0.4793, time 471.27 seconds
constr acc 0.6828
Total steps: 6 for 240 tokens
Avg decoded per step: 40.00
Sample:
P=43590302370537579666696266677407307777777077737777777773777777777777777777777377777777777377779979992929696667779777777777377777777777777777773777777777777777777777777777777377522622667777777777777777777777777777777777777777777777777977777777779737777777

Total training time: 476.16 seconds
Total steps: 1 for 1 tokens
Avg decoded per step: 1.00

Output:
P=290085594456582
