0.557452 M parameters
step 0: train loss 2.8332, val loss 2.8332, time 0.51 seconds
constr acc 0.0872
Total steps: 240 for 240 tokens
Avg decoded per step: 1.00
Sample:
P=99036903860386020011000212112121212021211001001222002200222211212200200001010120200121001202111020220112112210022002122000200020221010220211010011221200212001200021220221101212121022022212221100110011201021122122000220100210211220012101110211221211122210

step 50: train loss 1.7989, val loss 1.7758, time 31.66 seconds
constr acc 0.2984
Total steps: 240 for 240 tokens
Avg decoded per step: 1.00
Sample:
P=70991835561359341443242234343442442424444043344440424434442044312224444424422432334422343423443424242343432424434324323342322424234444020242040404044224422334434324422342424443444324434233434342333344443434344443214224343444424334424442033442343344422442

step 100: train loss 0.6732, val loss 0.6702, time 65.00 seconds
constr acc 0.6228
Total steps: 6 for 240 tokens
Avg decoded per step: 40.00
Sample:
P=68875709800845888585888888888888888888888888888585888568885586585888585688888888858888858588887888868888888885888888868888888888888868588888888888888888885888888888888588888858888888888888868888888888888888888888888888888888888888888888888888586888888868

step 150: train loss 0.5863, val loss 0.6262, time 91.54 seconds
constr acc 0.6047
Total steps: 3 for 240 tokens
Avg decoded per step: 80.00
Sample:
P=56838240882374444444444444444444444444444444444444443444444483444444444444444444444444444444444444444444444444444444444444444444444444444444444444444444444444444444444444444444444444444444444443434444444444444484444444444444444444344434444444484444484444

step 199: train loss 0.5256, val loss 0.5325, time 118.26 seconds
constr acc 0.6653
Total steps: 5 for 240 tokens
Avg decoded per step: 48.00
Sample:
P=39729118497959985888888858888585888888888885858888888898888888888888888888888859888888988588881888888888888888888888888888888888888888888888888888888888888888888888888888888888888888888888888888888888888888888888888888888888888888888888888888888888888888

Total training time: 123.34 seconds
Total steps: 1 for 1 tokens
Avg decoded per step: 1.00

Output:
P=769326091536536
