0.557452 M parameters
step 0: train loss 2.8332, val loss 2.8332, time 1.08 seconds
constr acc 0.0988
Total steps: 240 for 240 tokens
Avg decoded per step: 1.00
Sample:
P=67760067784146020011000212112121212021211001001222002200222211212200200001010120200121001202111101212210212020100001001102212110022022100010022101020000122101011222222020100110111202020200102102211012202020222100220002222211210101221110120021110200121102

step 200: train loss 0.6758, val loss 0.6756, time 123.12 seconds
constr acc 0.5886
Total steps: 16 for 240 tokens
Avg decoded per step: 15.00
Sample:
P=32270298487095333161619916913616111111161966166616161911161111116161616111111111111111111111111911161116161191911161111111111131161191111111111611111111111116111111191111111111111116116611111111611911111691111111111161111111111111161111114111161111116611

step 400: train loss 0.6126, val loss 0.6147, time 238.02 seconds
constr acc 0.5881
Total steps: 5 for 240 tokens
Avg decoded per step: 48.00
Sample:
P=24928891693265156615555555155655555565555156515651555555151565555556551115655555155655551511551666655555615615115156555655655555555656556555555555515555515155555555565555655555565555555555555556515555555515555551651561555555551555165555553555556555556555

step 600: train loss 0.5932, val loss 0.5762, time 359.09 seconds
constr acc 0.5880
Total steps: 4 for 240 tokens
Avg decoded per step: 60.00
Sample:
P=34324552125688918818881812828818828888888888888881888818888888881882888888888888888881888818888828888888888888888881888888888888888888888881188888888888888888888888888888888888888818881888888888881888888888888888888888888888188188881888888118188881288118

step 800: train loss 0.5836, val loss 0.5482, time 479.61 seconds
constr acc 0.5863
Total steps: 6 for 240 tokens
Avg decoded per step: 40.00
Sample:
P=01947888298140481449444414444444414444414494414444444441444144444444414444141444444444444444444444444494444444144444444444441444144144444444444444444414444444444444444414444444444444444444444444444444444444444144444444444444444444444444444614444444444444

step 999: train loss 0.5337, val loss 0.5227, time 603.25 seconds
constr acc 0.6133
Total steps: 7 for 240 tokens
Avg decoded per step: 34.29
Sample:
P=02689630999901111111111911111111111111121222229222211111111111111411111111111111111111211111111111111111111412111121111211121222111911191111111111111111111111111111111111111911111111111111111111111111111111111111111111111111111111111111119191111111111111

Total training time: 610.92 seconds
Total steps: 1 for 1 tokens
Avg decoded per step: 1.00

Output:
P=393106273958975
