0.557452 M parameters
step 0: train loss 2.8332, val loss 2.8332, time 0.67 seconds
constr acc 0.0944
Total steps: 240 for 240 tokens
Avg decoded per step: 1.00
Sample:
P=47128582386925020011000212112121212021211001001222002200222211212200200001010120200121001202111101212210212020100001001102212110022022100010022101020000122101011222222020100110111202020200102102211012202020222100220002222211210101221110120021110200121102

step 50: train loss 2.3409, val loss 2.3309, time 44.04 seconds
constr acc 0.1005
Total steps: 240 for 240 tokens
Avg decoded per step: 1.00
Sample:
P=00495992290147054450545400005504055004045445445050544440440555005445454454555545045050000555404000054504000404555455455050554004400440004005545404544550444444404004540040455545505045505005440445555054550040455504454055504005054550405444544400454055405555

step 100: train loss 2.3081, val loss 2.2974, time 88.14 seconds
constr acc 0.1139
Total steps: 240 for 240 tokens
Avg decoded per step: 1.00
Sample:
P=58506438602188446444344544435454445445456644355554436344563434563564564564564444436363654546666646454556456445644443655654454436354566644455634435656445654454566354445555456664556546465443563556465455555456666654545454456554546564556556656666544554644556

step 150: train loss 2.2889, val loss 2.3075, time 129.90 seconds
constr acc 0.1578
Total steps: 240 for 240 tokens
Avg decoded per step: 1.00
Sample:
P=76821422363010433777373722111772777772177127717777727271172772771772211717717112122122177727717277271211171111172271221221771175277127711277777777212727717772721717777112712177722272777221211117111117212717171277227111212221211171111212177777177722227272

step 199: train loss 2.2460, val loss 2.2451, time 170.79 seconds
constr acc 0.1284
Total steps: 240 for 240 tokens
Avg decoded per step: 1.00
Sample:
P=28636150807280458874678787746452227537888452222773323732327277233223233727722327373323377887853233222278775327778877752237878879888878848887787877878467438874322773223883877788787987887878795778887433388387877473873887748333233887387788984388478322238883

Total training time: 184.52 seconds
Total steps: 1 for 1 tokens
Avg decoded per step: 1.00

Output:
P=178107308712957
