0.557708 M parameters
step 0: train loss 2.8904, val loss 2.8904, time 0.78 seconds
index acc 0.1062
Total steps: 240 for 240 tokens
Avg decoded per step: 1.00
Sample:
A=58826499342387020011000212112121212021211001001222002200222211100222010100112020001020112012012020200021211022110211220202121202012012220121021200002002000201220010222120000012220012120211200111100120110210000211012212111012110102112102011100121200202201

step 50: train loss 2.2079, val loss 2.2463, time 28.10 seconds
index acc 0.1675
Total steps: 240 for 240 tokens
Avg decoded per step: 1.00
Sample:
A=75730236854470070700770077077070777077300377007770007773777770770073070707330377030330700333707033307707030700070700070007777777330007773037077300730370003037770777707007707300707007707737077003703703303330303707370777000307737377307707773000777773770777

step 100: train loss 2.0781, val loss 2.0582, time 54.30 seconds
index acc 0.2288
Total steps: 240 for 240 tokens
Avg decoded per step: 1.00
Sample:
A=12965824049338433494443344444343444244422334442233344334433432332422334343344434344244434424342332334233343443232233333432444323434433333344334344334334323334223344423333444443432433432444334343343332443433433334344333443234342334443333442343433223343433

step 150: train loss 2.0996, val loss 2.0517, time 77.62 seconds
index acc 0.2200
Total steps: 240 for 240 tokens
Avg decoded per step: 1.00
Sample:
A=72298743330353723333332337222337332732337223333332232373373339332233323322332323932333392229323222232332923323333293392393233293323293232232332323233333333233332239993333233323392392233332233322232322333323233323339323223339393323322922232323223232322922

step 199: train loss 1.9791, val loss 2.0440, time 100.61 seconds
index acc 0.2737
Total steps: 240 for 240 tokens
Avg decoded per step: 1.00
Sample:
A=18681479878219178887818181787878178888818181787881888188888781888888880888808888880888888088888888888808888888018088888008081088088808888080888088088088188880800880808888888000880008088880088888888080088088808088081888008808880888080188008881888888880881

Total training time: 109.04 seconds
Total steps: 1 for 1 tokens
Avg decoded per step: 1.00

Output:
A=740802081121341
