0.557708 M parameters
step 0: train loss 2.8904, val loss 2.8904, time 0.72 seconds
index acc 0.1062
Total steps: 240 for 240 tokens
Avg decoded per step: 1.00
Sample:
A=58826499342387020011000212112121212021211001001222002200222211100222010100112020001020112012012020200021211022110211220202121202012012220121021200002002000201220010222120000012220012120211200111100120110210000211012212111012110102112102011100121200202201

step 50: train loss 2.2323, val loss 2.2599, time 23.41 seconds
index acc 0.1688
Total steps: 240 for 240 tokens
Avg decoded per step: 1.00
Sample:
A=75730236854470877788788700707707070078877880878878870887880800778878707788788070080707780007007087787707870777007087700878070778877078007707008078707070788877770078878077080887780800877708770887888887888700780878080770777078078778778087007880080778088878

step 100: train loss 2.1125, val loss 2.0615, time 47.05 seconds
index acc 0.2263
Total steps: 240 for 240 tokens
Avg decoded per step: 1.00
Sample:
A=12965824049338435554443344333444443444333535355333135515155555153313335553355513531355553335531533155115551155511315315555113513153353551535515135315551113513311555131533533151555553553331111535131513355355355151135351115531531135133133531333151131153533

step 150: train loss 2.1031, val loss 2.0764, time 71.43 seconds
index acc 0.2362
Total steps: 240 for 240 tokens
Avg decoded per step: 1.00
Sample:
A=72298743330353373732223223272327222327732272723327237223227222277777727727727727222272677772267777777677776772777777777777777772777727627772772777776726777777777277676777777277776777227777777777777272722777727277727277777222272272777277767727272777777676

step 199: train loss 1.9878, val loss 2.0527, time 95.51 seconds
index acc 0.2650
Total steps: 240 for 240 tokens
Avg decoded per step: 1.00
Sample:
A=18681479878219888188991181911989981818988888188818188181881188881118181881881181881888181800888181188880180881808008801808008108888888818888880888888808800010800080810008180880880088888180818888880080888888880888888088088884848488884888888088840888884808

Total training time: 103.96 seconds
Total steps: 1 for 1 tokens
Avg decoded per step: 1.00

Output:
A=740802081121341
