0.557708 M parameters
step 0: train loss 2.8904, val loss 2.8904, time 0.75 seconds
index acc 0.1062
Total steps: 240 for 240 tokens
Avg decoded per step: 1.00
Sample:
A=58826499342387020011000212112121212021211001001222002200222211100222010100112020001020112012012020200021211022110211220202121202012012220121021200002002000201220010222120000012220012120211200111100120110210000211012212111012110102112102011100121200202201

step 50: train loss 2.2942, val loss 2.3006, time 23.67 seconds
index acc 0.1512
Total steps: 240 for 240 tokens
Avg decoded per step: 1.00
Sample:
A=75730236854470373373770377077555577522772722827277782287878787778277887822877722877882822788828828727272822278778772828727872888222772272822887827887828288828882277887278872827788822872222828727888877287277778272722787772278882772828887782882728887788878

step 100: train loss 2.1162, val loss 2.1021, time 47.63 seconds
index acc 0.2200
Total steps: 240 for 240 tokens
Avg decoded per step: 1.00
Sample:
A=12965824049338435355453344445443443543444444445554454544343454345544354453434434554444454444454454544444444344044444544544544544404404400044544444544445000044454445440444444444544444444405444044444444044500444444544044444440404504444404440504444444404444

step 150: train loss 2.0188, val loss 2.0094, time 71.31 seconds
index acc 0.2762
Total steps: 240 for 240 tokens
Avg decoded per step: 1.00
Sample:
A=72298743330353333332323323397339333973333933337333333933373339933093333933333333333333333333993333939303933990933903309303933033333933093339309393333399030333909339390930999339303093333333933993339033033393933393333303333399939393930993309933393390000333

step 199: train loss 1.8455, val loss 1.9040, time 95.23 seconds
index acc 0.2888
Total steps: 240 for 240 tokens
Avg decoded per step: 1.00
Sample:
A=18681479878219888888881681888888888888888888888888888188888888880888888888881888888888888888888888888088884884888888808888888888888880888088888488880888888888488848848888888888888888888888888888088488888888884888888888888888888888888888888488888888888848

Total training time: 102.83 seconds
Total steps: 1 for 1 tokens
Avg decoded per step: 1.00

Output:
A=740802081121340
