0.557708 M parameters
step 0: train loss 2.8904, val loss 2.8904, time 0.65 seconds
index acc 0.1062
Total steps: 240 for 240 tokens
Avg decoded per step: 1.00
Sample:
A=58826499342387020011000212112121212021211001001222002200222211100222010100112020001020112012012020200021211022110211220202121202012012220121021200002002000201220010222120000012220012120211200111100120110210000211012212111012110102112102011100121200202201

step 50: train loss 2.2245, val loss 2.2405, time 23.95 seconds
index acc 0.1713
Total steps: 240 for 240 tokens
Avg decoded per step: 1.00
Sample:
A=75730236854470075775574575757770055355577733753577773533337757770030037337700307033737770703377773073077770703773737373007373777030377037077037737703307737077777307733770773707077703377377777303070773730337330330777077337337770370777730770337777777007070

step 100: train loss 2.0295, val loss 1.9771, time 48.19 seconds
index acc 0.2525
Total steps: 240 for 240 tokens
Avg decoded per step: 1.00
Sample:
A=12965824049338443034404444040404404044543044445444444440404040440444450404044404445444444444404440440445444404444504004444444444444454444444044044440440405545044450444454404444055444045044504044044044004405444000004040040445545540500044404544504040440040

step 150: train loss 1.9269, val loss 1.8914, time 73.79 seconds
index acc 0.3050
Total steps: 240 for 240 tokens
Avg decoded per step: 1.00
Sample:
A=72298743330353333333333382333333333333333833332333333333323338333333333333333339333933393883333338333383339333333393398393933833333333833333383393333339338333383333333333993333383333333333333933333833833393833333333333333339333393333333338933393398338333

step 199: train loss 1.6546, val loss 1.7417, time 97.53 seconds
index acc 0.3425
Total steps: 240 for 240 tokens
Avg decoded per step: 1.00
Sample:
A=18681479878219881817788888788888788888677788887888888787888888888778888888888888888888788888888888887878888888888878888888888888888888888788888888888888888878888888888888888888088888888888888888886888888088888888888808888888886888808888888888688888886888

Total training time: 105.57 seconds
Total steps: 1 for 1 tokens
Avg decoded per step: 1.00

Output:
A=740802081121341
