0.557444 M parameters
step 0: train loss 2.8332, val loss 2.8332, time 0.59 seconds
inter acc 0.0950
Total steps: 240 for 240 tokens
Avg decoded per step: 1.00
Sample:
A=58955505|B=510020011000212112121212021211001001222002200222211100222010100112020001020112012012020200021211022110211220202121202012012220121021200002002000201220010222120000012220012120211200111100120110210000211012212111012110102112102011100121200202201

step 50: train loss 1.9724, val loss 1.9688, time 20.30 seconds
inter acc 0.2941
Total steps: 240 for 240 tokens
Avg decoded per step: 1.00
Sample:
A=34227618|B=801111212211111111821818111181111122111118111188118111111111811112121821111811111111811111111181811111111118111111111118111112121818211811182111181181228211211211211212111811111111111111121181111122181111812811228112228818221112121812111181111

step 100: train loss 1.7064, val loss 1.7171, time 40.47 seconds
inter acc 0.3638
Total steps: 239 for 240 tokens
Avg decoded per step: 1.00
Sample:
A=33665710|B=183131313613101313131313313131313131313131313111311433331313331111113111171111131111111111113131311661111111111111131111111113111311111371113111111431117111111111113111111111111111711111111111111711111111111111111117111111111711111111111117111

step 150: train loss 1.6804, val loss 1.6878, time 62.07 seconds
inter acc 0.3619
Total steps: 240 for 240 tokens
Avg decoded per step: 1.00
Sample:
A=06424121|B=881088228280884684608808888808080808080808080808080808080880808880888888808888808088888088888808888888888888888888880808888888888888888880808888888888888888888888888888888888888888888888888888888888888888888888888888888888888080888888888888888

step 199: train loss 1.4315, val loss 1.4174, time 83.51 seconds
inter acc 0.4209
Total steps: 88 for 240 tokens
Avg decoded per step: 2.73
Sample:
A=37612729|B=064331333333133333333333333333333333333333333333333333333333333333333333333383333333333333333333333333333333333333333333333333333333338383333333333838538333338353338313353333333333333333333333333333333333833333333333333333313333333333338133331

Total training time: 88.07 seconds
Total steps: 1 for 1 tokens
Avg decoded per step: 1.00

Output:
A=96472722|B=2169
