0.557444 M parameters
step 0: train loss 2.8332, val loss 2.8332, time 0.59 seconds
inter acc 0.0950
Total steps: 240 for 240 tokens
Avg decoded per step: 1.00
Sample:
A=58955505|B=510020011000212112121212021211001001222002200222211100222010100112020001020112012012020200021211022110211220202121202012012220121021200002002000201220010222120000012220012120211200111100120110210000211012212111012110102112102011100121200202201

step 50: train loss 1.8763, val loss 1.8810, time 21.30 seconds
inter acc 0.3259
Total steps: 240 for 240 tokens
Avg decoded per step: 1.00
Sample:
A=34227618|B=801227232122724241212172421111221111211111112121411111111111211111111142121111212114124411111111111111111114111111111114111111114114111111141111421111411411141114121244211111111141112111121112221111280111222111111111111111888811121121111112111

step 100: train loss 1.1074, val loss 1.1042, time 42.76 seconds
inter acc 0.5472
Total steps: 63 for 240 tokens
Avg decoded per step: 3.81
Sample:
A=33665710|B=183166068606868666606660066666066666606666660063666366366666366666666686066666663666666666366666666366666666686666666666866666666663666666666668666866666666636666666666666666666636666666666866666661666666636666666668666666666666666666666666666

step 150: train loss 1.0647, val loss 1.0262, time 60.05 seconds
inter acc 0.6184
Total steps: 41 for 240 tokens
Avg decoded per step: 5.85
Sample:
A=06424121|B=881442444642222222222222222222222222222222222222262922222222228222222222222922222222222242222222222922222422222922222222222292222222222224222222222222222222222422222222222242222222222222922222222822222222222922222222222242222222222222922222222

step 199: train loss 0.0559, val loss 0.0556, time 76.80 seconds
inter acc 0.9928
Total steps: 34 for 240 tokens
Avg decoded per step: 7.06
Sample:
A=37612729|B=064661122722669922222292222222922229222222222222222922222222222222222222222222222222222222222222222222222222222222222222222222222222222222222222222522222222225222222222225222222222222222222222222222222222228222222222222222222222222222222222222

Total training time: 80.46 seconds
Total steps: 1 for 1 tokens
Avg decoded per step: 1.00

Output:
A=96472722|B=2166
