0.5577 M parameters
step 0: train loss 2.8904, val loss 2.8904, time 0.58 seconds
multi acc 0.0950
Total steps: 240 for 240 tokens
Avg decoded per step: 1.00
Sample:
A=58955505|C=510020011000212112121212021211001001222002200222211100222010100112020001020112012012020200021211022110211220202121202012012220121021200002002000201220010222120000012220012120211200111100120110210000211012212111012110102112102011100121200202201

step 50: train loss 1.8961, val loss 1.8953, time 22.09 seconds
multi acc 0.3091
Total steps: 240 for 240 tokens
Avg decoded per step: 1.00
Sample:
A=34227618|C=801321111122111121211116121611166112111166616111616166611661661161461614661111164166111661611164166116641116644166144116616614641166616161166111466116166616466116661166661466111666116661416166616614416666411116661664161161614466616611661144666

step 100: train loss 1.4696, val loss 1.4731, time 43.18 seconds
multi acc 0.4378
Total steps: 240 for 240 tokens
Avg decoded per step: 1.00
Sample:
A=33665710|C=183733371171313131311161313111113731313171316171313713377311111111111313111111111111111111111111111175117111111111111111111111111111111111111111111711711117191111111111119111111191111111111111111811751111111111111111111111111111111111111111111

step 150: train loss 1.0409, val loss 1.0485, time 63.42 seconds
multi acc 0.5291
Total steps: 87 for 240 tokens
Avg decoded per step: 2.76
Sample:
A=06424121|C=881144042104028009000068984644444443431444446444443844444444494449444444448444444444447444444444444344444444447444444444449444444444444449344444444744447447444754244430444444497444444444444444444944444444443444444444444444444444444444449444444

step 199: train loss 0.5826, val loss 0.5901, time 80.70 seconds
multi acc 0.7238
Total steps: 62 for 240 tokens
Avg decoded per step: 3.87
Sample:
A=37612729|C=064333373303039092220923123002308238328323733303380435334333371330031303337333333339333333333333333553333333333337033333333333333333333333333333305933333330333345333333333333333333333337743333333533335333333305333333333333743333333333333333333

Total training time: 84.68 seconds
Total steps: 1 for 1 tokens
Avg decoded per step: 1.00

Output:
A=96472722|C=2169
