0.5577 M parameters
step 0: train loss 2.8904, val loss 2.8904, time 0.61 seconds
multi acc 0.0950
Total steps: 240 for 240 tokens
Avg decoded per step: 1.00
Sample:
A=58955505|C=510020011000212112121212021211001001222002200222211100222010100112020001020112012012020200021211022110211220202121202012012220121021200002002000201220010222120000012220012120211200111100120110210000211012212111012110102112102011100121200202201

step 50: train loss 1.9303, val loss 1.9240, time 21.28 seconds
multi acc 0.3113
Total steps: 240 for 240 tokens
Avg decoded per step: 1.00
Sample:
A=34227618|C=801230728887111318311781111381878118171181718818111111111811111111717178111111188811888181118117118110111111111111111118111178718117111178111871111181717118111111711171118111171817881171181181111711711117707118188111718711111117188111778111111

step 100: train loss 1.1217, val loss 1.1381, time 43.00 seconds
multi acc 0.5241
Total steps: 93 for 240 tokens
Avg decoded per step: 2.58
Sample:
A=33665710|C=183333666613131136113663331131111111131113111111103111111111111111113111111111111111111111111111111511111111111115111111111111111111111111111111111911111111111111111115111111111111111111111111111411111111111011111111111111111111111111111111111

step 150: train loss 0.6124, val loss 0.6052, time 62.41 seconds
multi acc 0.7228
Total steps: 26 for 240 tokens
Avg decoded per step: 9.23
Sample:
A=06424121|C=881041411188121111111118118181811111218118888811221812188188181218811888182881888881111888888818188888888881188888888888888888888888888888888888888888888888888888888888888888888888888888888888888888888888888888888888888888888888888888888888888

step 199: train loss 0.2307, val loss 0.2350, time 81.04 seconds
multi acc 0.9206
Total steps: 94 for 240 tokens
Avg decoded per step: 2.55
Sample:
A=37612729|C=064762777964777742992229992222294229292299922292992492292995229272262229979222229299892994992979225399999499999919999493999899719345435539999999999799999899999969994999499989989900900099019814809300000000000000000000000000000000000000000000000

Total training time: 85.74 seconds
Total steps: 1 for 1 tokens
Avg decoded per step: 1.00

Output:
A=96472722|C=2169
