0.56282 M parameters
step 0: train loss 3.6376, val loss 3.6376, time 0.62 seconds
Total steps: 240 for 240 tokens
Avg decoded per step: 1.00
Sample:
abcd efgh ijkl m_0__  ___0 0  0 0 0 0_0 0  __ __ 000__00__0000   __000_ _ __  0_0___ _0_  0_ 0_ 0_0_0___0 0  _00  _0  00_0_0 0 0_0_ 0_ 000_ 0 _0 0____0__0___0_ 00__ _000 0_____ 000__ 0 0_0  0__    __ 0_  _0 ____0  _ 00 0   _ 0  _ _0  0 _0_   __ 0 0__0_00_ 

step 200: train loss 0.5924, val loss 0.5420, time 60.02 seconds
Total steps: 31 for 240 tokens
Avg decoded per step: 7.74
Sample:
abcd efgh ijkl mnop qrstuvwxyz 11234567890 aacd efgh ijk  mnop qrstuuvw  yz 1234567890 abcd efgh ikl mnop qrsrst uvw yz 1234457890 acbd  efgh ijkl mnop qrrst uvwxyyz122345678990 abcd ffgh ijklmmnop qrstuvwxyyz 12346767890abbcd efg  jkl mnop qrst uvwxyyz 12

step 400: train loss 0.5383, val loss 0.3517, time 114.73 seconds
Total steps: 21 for 240 tokens
Avg decoded per step: 11.43
Sample:
abcd efgh ijkl mnop qqst  vvwwx yz 12346778900 abcd efgg  ijkl mnop qrst uuvwwxyz 123456789990 abcd effghh ijkl mnop qrrt  vvwx yz 1234667890 abcddefgh ijkl mmnop qrst uvwxx  yz12345778000 abc  efgh  ikl mnop qrst ivvxx yz 12345688800 abcd efghhijkl mnop q

step 600: train loss 0.5159, val loss 0.5278, time 169.22 seconds
Total steps: 20 for 240 tokens
Avg decoded per step: 12.00
Sample:
abcd efgh ijkl mnop qrst uvwx   1234567890 abcd  efghiijk  nopop qrst uwxxx  zz3234468990 abcd efg  ijll mnop qrst uvwx yz 1244567890 abcd efgg  ikkl mnop qrsst uvwx yz 1234567990 abcd efgh ijkl mnop qrst uvwx yz 1234567890 abcd efg  ijjl mnop qrss uvwx y 

step 800: train loss 0.2258, val loss 0.4511, time 222.78 seconds
Total steps: 16 for 240 tokens
Avg decoded per step: 15.00
Sample:
abcd efgh ijkl mnop qrst uvvx yyz 11234567890 abcd  efghiikk mnop qrst uvw  yzz111234567890 abcddefgh ijkl mnop qrst uvw  yzz 2234567890  bcd  efgh ijkl mnoo rrst uvwx yz 2235577890 abcd efg ijklkmnop qrst uvwx yz 123456789  abcd efgh ijkl  nnoo qrst  uvx 

step 999: train loss 0.2366, val loss 0.4841, time 275.52 seconds
Total steps: 15 for 240 tokens
Avg decoded per step: 16.00
Sample:
abcd efgh ijkl mnop qrst uvwx yz 123667890 abcd efgh ijkl mmpp qrst uvwx yz 123556789  abcd efgh ijkl mnop qrst uvwx yz 1234567890abcd efgh ijkl mnop qrrstuvwx yz 1234567890 abddefghgh ijkl mnop qrst uwwxxyz 1234567890 abcdeegggg  ijkl mnop qrsstuuvwx yz b

Total training time: 275.99 seconds
Total steps: 1 for 1 tokens
Avg decoded per step: 1.00

Output:
abcd efgh ijkl mn
