0.574596 M parameters
step 0: train loss 4.4308, val loss 4.4308, time 0.93 seconds
Total steps: 240 for 240 tokens
Avg decoded per step: 1.00
Sample:
The Independent _ __

___ 
 

 
 
 
 _ 
 

__
__
   __  __    

 
  __ ____
_
_
 _ __
 
__
 _ 



_
 
  
_ 
 _ _
____
__

_  
 

__  _  
___
__  
_
_ ____
  
_
_

      _ _
__

_


 _ _ _ __
_ 
_  

_
  _ _ _   
__  ___     

 
_
_
  


_
 __ 


_ __
 

_ 

step 200: train loss 2.7381, val loss 2.8594, time 108.33 seconds
Total steps: 240 for 240 tokens
Avg decoded per step: 1.00
Sample:
The Independent tou ther tout ton aou oer an ae aers tenthitiees oer ter tene oouthe censen aone oe oener to  oou leee ant aonter tom touers ahent tev tev tnt teve aev aou aoue tou tou levse tnters, ihe ton ohe cher aerver thor ahe ton aoute ond aeve oersa

step 400: train loss 2.6673, val loss 2.8005, time 217.63 seconds
Total steps: 240 for 240 tokens
Avg decoded per step: 1.00
Sample:
The Independent toue aerver aor ser woue so tware soren aor aore sou aon aor snd tndere tion oe tore sou aouer aor aomen iices or sn te ien te ior sen ierveliee sor ao  aou sor an tort aome aicts fortwari eore software le ao e soren iou servers io  aoren a

step 600: train loss 2.6282, val loss 2.7718, time 326.61 seconds
Total steps: 240 for 240 tokens
Avg decoded per step: 1.00
Sample:
The Independent oeeers aee aice tore cheenticn ald tee tor teate ter cho aha serth andent teath ahithe aert ae t th e ahan ieeenses oeether ahe teae tion on the sorth asd on  centh on  tout teaen is alluted thoug the sicess of e  aeaen install one to the a

step 800: train loss 2.5414, val loss 2.7454, time 434.24 seconds
Total steps: 238 for 240 tokens
Avg decoded per step: 1.01
Sample:
The Independent oer seet an a pn ond tnde aer and lone oea soft ahr oonee ieat oout ticat ond ron and rhe rece lor conticns af lesses for extmple,ters find enplay a don'intermn tn a cnd tntern foftware and por a cith doc merers,"ore woft oh wor wan the lon

step 999: train loss 2.4604, val loss 2.7146, time 539.10 seconds
Total steps: 233 for 240 tokens
Avg decoded per step: 1.03
Sample:
The Independent Sec toe oere aor eore iontworries ahe lou aenter server, iea site aerensing an that corthenting sea sore sof the pof wire ser wo lort io  aou her aectivn ao ahe sicenses fo oerthere sicenser when you hne sere sererver and theyees a lever me

Total training time: 545.64 seconds
Total steps: 1 for 1 tokens
Avg decoded per step: 1.00

Output:
The Independent c
