3.702024 M parameters
step 0: train loss 4.3438, val loss 4.3438, time 2.67 seconds
Total steps: 240 for 240 tokens
Avg decoded per step: 1.00
Sample:
The Independent _ __

___ 
 

 
 
 
 _ 
 

__
__
   __  __    

 
  __ ____
_
_
 _ __
 
__
 _ 



_
 
  
_ 
 _ _
____
__

_  
 

__  _  
___
__  
_
_ ____
  
_
_

      _ _
__

_


 _ _ _ __
_ 
_  

_
  _ _ _   
__  ___     

 
_
_
  


_
 __ 


_ __
 

_ 

step 200: train loss 2.6411, val loss 2.7675, time 283.26 seconds
Total steps: 240 for 240 tokens
Avg decoded per step: 1.00
Sample:
The Independent ane teate tay beat chanted pimeententeded to reffer andineed torss a des toays, aee ter of thation it licgere aating aors of phate tays a poare aear of tays insandire aoss ofets that che co leanedom soentan a aonsters. They tor thood shat t

step 400: train loss 2.4586, val loss 2.7785, time 566.78 seconds
Total steps: 237 for 240 tokens
Avg decoded per step: 1.01
Sample:
The Independent that the gott the lime, I do  to that the ruse of the do the desr combe. Eele  es -- of coustent of tho ghe biderens af the rold of phe ilay. The care regine pubart, of the gurt, of to play.
Jof sae play office, am all ar  and spententens t

step 600: train loss 2.3808, val loss 2.9032, time 849.28 seconds
Total steps: 230 for 240 tokens
Avg decoded per step: 1.04
Sample:
The Independent to thought tfor tlay iale actuaes ff plplanc ious play ar ing is any stchildren by the  childho dhod: idle, creative, undtry tructur lursuto play ic po ald rest tn like fices on thatt chllldhea  ide in asd maded in and molity and knowith ou

step 800: train loss 2.1875, val loss 2.9966, time 1123.55 seconds
Total steps: 218 for 240 tokens
Avg decoded per step: 1.10
Sample:
The Independent of the day, all her official andaye ard hnd ahow hhd evd eoffices, creams. ''Spre toe me ttoo sequencentin humans ooo. The affect her event ofbir and madh, but of ine inders.)  trewn criated to coldgrealed ayd s,derpecplac indof juy uston a

step 999: train loss 1.9335, val loss 3.1122, time 1410.73 seconds
Total steps: 166 for 240 tokens
Avg decoded per step: 1.45
Sample:
The Independent oe aade fhe freedom she wxhibed i finally accepting in dhisdhood  id. Aarenght and tromoted the refen  lo rlay seem a trivialization but I believe that Austen’s impact on thenworld is no less importatn ng t et mess nt of Are dhey avling bem

Total training time: 1419.72 seconds
Total steps: 1 for 1 tokens
Avg decoded per step: 1.00

Output:
The Independent o
