0.56282 M parameters
step 0: train loss 3.6376, val loss 3.6376, time 0.58 seconds
Total steps: 240 for 240 tokens
Avg decoded per step: 1.00
Sample:
abcd efgh ijkl m_0__  ___0 0  0 0 0 0_0 0  __ __ 000__00__0000   __000_ _ __  0_0___ _0_  0_ 0_ 0_0_0___0 0  _00  _0  00_0_0 0 0_0_ 0_ 000_ 0 _0 0____0__0___0_ 00__ _000 0_____ 000__ 0 0_0  0__    __ 0_  _0 ____0  _ 00 0   _ 0  _ _0  0 _0_   __ 0 0__0_00_ 

step 200: train loss 0.6759, val loss 0.5906, time 57.64 seconds
Total steps: 32 for 240 tokens
Avg decoded per step: 7.50
Sample:
abcd efgh ijkl mnop qrstuvwx yz  13345667890 abcd efgh ijkl mnop qrst uvwx yy 1124567889 abcd efghh ijk  mnop qrst uvwx yyz 1234668900 bcd efghiijkl mnop qrst  uvwx yz 112345667890abcd efgh ijkl nmnop qrst uvwx yz  13345667890 abcd efgh ijkl mnop qrst uvwx

step 400: train loss 0.6208, val loss 0.4354, time 114.05 seconds
Total steps: 23 for 240 tokens
Avg decoded per step: 10.43
Sample:
abcd efgh ijkl mnop qrst uvvwx yz 123455790 abcd efgg ijkll mnop qrst uvwx yz 12345567890 abccd ef ijkx mnop qrst uvwx yz  1234567890 abb  efggh ikk mnop  rss uvwx yz 123456780 abcd effgh ijkl mnoop qrst uvwwx yz 11345677890 abcd efgh ijkl mnnpp qrst uvvwx

step 600: train loss 0.6753, val loss 0.6539, time 169.88 seconds
Total steps: 21 for 240 tokens
Avg decoded per step: 11.43
Sample:
abcd efgh ijkl mnop qrst uvwx yyz 12345678900 abcd efh   mnol mnop qrst uvwx zyz 12345678900 abcd ffh  jkl nnop qrst uvwx z 12345678900 abcd ffg  ijkl mnop qrs uvwx yzz 12334567890 abc  egfgijkl mnop qrst uuvwx yz 12345677990 abcd efgh  ino mnop qrst uvwxy

step 800: train loss 0.4060, val loss 0.6526, time 225.95 seconds
Total steps: 19 for 240 tokens
Avg decoded per step: 12.63
Sample:
abcd efgh ijkl mnop qrst uvwx yz 12345667890 abc  fefgg jkl mnop qrst uvwxyzz 1234537890 abd efgh ijkl0 mop qrst uvwx yz 12446567890 abcd eeefgh ijkl mnop qqrs  vwwx yz  144567890 abc  efgghhijkl mnop5qrs0 vx yz 12345679990 abcd efg  ijllmnop qrst uvwxyyy 

step 999: train loss 0.4431, val loss 0.6784, time 279.92 seconds
Total steps: 16 for 240 tokens
Avg decoded per step: 15.00
Sample:
abcd efgh ijkl mnop qrst uvwx yzz133567890 abcd efgh  ijk  mnop qrst uvwx yz  234667890 abcd efghh ijkl mnop qrst uvwx yz 1234568909 bcd  efgh ikkl mpp qr t uvwx yz 1234567990 abcd  efgh ijkl mop  qrtuuvwx yz 1234567890 abcd efgh ijk  mnoppqrstt  uvwx zz 1

Total training time: 280.43 seconds
Total steps: 1 for 1 tokens
Avg decoded per step: 1.00

Output:
abcd efgh ijkl mn
