0.55514 M parameters
step 0: train loss 2.0794, val loss 2.0794, time 0.59 seconds
parity acc 0.4900
Total steps: 240 for 240 tokens
Avg decoded per step: 1.00
Sample:
X=100110011111100X0011000X1X11X1X1X1X0X1X11001001XXX00XX00XXXX11100XXX01010011X0X00010X011X01X01X0X0X000X1X110XX110X11XX0X0X1X1X0X01X01XXX01X10X1X0000X00X000X01XX0010XXX1X000001XXX001X1X0X11X001111001X0110X10000X1101XX1X11101X11010X11X10X0111001X1X00X0XX01

step 50: train loss 0.6968, val loss 0.6965, time 20.86 seconds
parity acc 0.4788
Total steps: 5 for 240 tokens
Avg decoded per step: 48.00
Sample:
X=11010011111111010010101101100110010001101001001011011101011101111000011111010000001100101111000111000001001100101110011011110001111001011111010101101000011100111001111110111111001001101101011111011110101000011101110101100110001010111101101001110001101010

step 100: train loss 0.7004, val loss 0.6986, time 37.84 seconds
parity acc 0.4981
Total steps: 5 for 240 tokens
Avg decoded per step: 48.00
Sample:
X=00000010010100001011011100000001001110001111110001100100011001010100111101010101100000011111111111010100010100110010101000110100011011000001000010010001100100110111001100100011111100010110010010000010000111110011000101000001000100111000000011000111101101

step 150: train loss 0.6928, val loss 0.6976, time 54.76 seconds
parity acc 0.5162
Total steps: 5 for 240 tokens
Avg decoded per step: 48.00
Sample:
X=11100000111100110010001000010011111001000011111011001110001111000110000101000001010010101000011010010111000011011010100000010000001110110101101101001101111000010011101101110010100011100110100100000000101101100100000111101100101101010111111000100001100011

step 199: train loss 0.6932, val loss 0.6934, time 71.35 seconds
parity acc 0.5112
Total steps: 5 for 240 tokens
Avg decoded per step: 48.00
Sample:
X=01110000111001110100010110111111101011011111010100110011100000001011000010100100001010000100011101010010101000111001010011101100000000100000100101111100001001111111100000010110101001000110001101111110111000110010100000100111101110000100001110111110100011

Total training time: 74.95 seconds
Total steps: 1 for 1 tokens
Avg decoded per step: 1.00

Output:
X=101011001010001
