0.557444 M parameters
step 0: train loss 2.8332, val loss 2.8332, time 0.59 seconds
perm acc 0.1006
Total steps: 240 for 240 tokens
Avg decoded per step: 1.00
Sample:
P=12506473|Y=927020011000212112121212021211001001222002200222211100222010100112020001020112012012020200021211022110211220202121202012012220121021200002002000201220010222120000012220012120211200111100120110210000211012212111012110102112102011100121200202201

step 50: train loss 1.8027, val loss 1.8342, time 20.65 seconds
perm acc 0.2925
Total steps: 240 for 240 tokens
Avg decoded per step: 1.00
Sample:
P=02613754|Y=016100011006600000006006660000600000006000000000600000000000000000360303000000060300000000000000000000000000030000007000000000077003000000030000030000000000000030003000000000300030300000000000090000000000300000003903030030000009993009000900000

step 100: train loss 1.7000, val loss 1.6600, time 41.15 seconds
perm acc 0.2925
Total steps: 104 for 240 tokens
Avg decoded per step: 2.31
Sample:
P=54260371|Y=868888686888868888688868888858888688688688668888688888886688688888586688886868686888868666656888868685686688688885868688686888658888858656888686668888868566866868666686886686686886686868888688666862688688686686688666668888866666886868666866886

step 150: train loss 1.6675, val loss 1.6700, time 59.21 seconds
perm acc 0.3013
Total steps: 24 for 240 tokens
Avg decoded per step: 10.00
Sample:
P=02571634|Y=241212221442414122244442114122422214222442412211421222411421421242224222142242121421112422244142242212122422442212224224414222224214424412242212222241222222422221121222212442412142222222222112222221222222222122212222621222222222222212212212221

step 199: train loss 1.6469, val loss 1.6685, time 76.90 seconds
perm acc 0.3081
Total steps: 5 for 240 tokens
Avg decoded per step: 48.00
Sample:
P=05147362|Y=763333773633373367766636673736676363776636636363773636376636663377733666667633673636633337377673333737333633773333333673337376333376333333377363367377377333333333633637373333333333333337637333333333333333333333333363333333333333333333333333367

Total training time: 80.10 seconds
Total steps: 1 for 1 tokens
Avg decoded per step: 1.00

Output:
P=63407521|Y=5424
