0.557444 M parameters
step 0: train loss 2.8332, val loss 2.8332, time 0.60 seconds
perm acc 0.1006
Total steps: 240 for 240 tokens
Avg decoded per step: 1.00
Sample:
P=12506473|Y=927020011000212112121212021211001001222002200222211100222010100112020001020112012012020200021211022110211220202121202012012220121021200002002000201220010222120000012220012120211200111100120110210000211012212111012110102112102011100121200202201

step 50: train loss 1.8603, val loss 1.8851, time 21.62 seconds
perm acc 0.2881
Total steps: 240 for 240 tokens
Avg decoded per step: 1.00
Sample:
P=02613754|Y=016010100011016001066061616616616611101611166666666661616666666666661111666616666661171616661661666167666161666666766666161116176616167617667666666616676166716776176761671166616766671666661166166116666666166676166666667666166661666167661666616

step 100: train loss 1.7187, val loss 1.6807, time 42.86 seconds
perm acc 0.2931
Total steps: 240 for 240 tokens
Avg decoded per step: 1.00
Sample:
P=54260371|Y=868868688688688888888868868888888886688888888888888888888168881868818188888888888818888188888888688888888888888188188888878888778888888888888188878718881887788881817188818888177171777881877777818781778178111111177777178711181177717117177111111

step 150: train loss 1.6759, val loss 1.6770, time 64.15 seconds
perm acc 0.3019
Total steps: 12 for 240 tokens
Avg decoded per step: 20.00
Sample:
P=02571634|Y=241424211112112111211241211111111411112241211111111111111111221111211111111111111211113111111121111111113111111111313111111111111111131111111111111111111111111113111111111111111111111111116111111111111111111161111111111111111111111111111111111

step 199: train loss 1.6473, val loss 1.6686, time 81.06 seconds
perm acc 0.3063
Total steps: 5 for 240 tokens
Avg decoded per step: 48.00
Sample:
P=05147362|Y=763337373676776636737673633736776363737776336777733776373773777337773333337633773377373367737737633373766377633773773773377773673373373767373333733377773373373673333373337377633337333733733767737733333367377373333373733377773673373333733773737

Total training time: 84.28 seconds
Total steps: 1 for 1 tokens
Avg decoded per step: 1.00

Output:
P=63407521|Y=5425
