0.55642 M parameters
step 0: train loss 2.5649, val loss 2.5649, time 0.68 seconds
reverse acc 0.0833
Total steps: 240 for 240 tokens
Avg decoded per step: 1.00
Sample:
9020009245570321020011000212112121212021211001001222002200222211100222010100112020001020112012012020200021211022110211220202121202012012220121021200002002000201220010222120000012220012120211200111100120110210000211012212111012110102112102011100121200202201

step 50: train loss 1.8318, val loss 1.8459, time 22.74 seconds
reverse acc 0.3362
Total steps: 240 for 240 tokens
Avg decoded per step: 1.00
Sample:
4359094442823772722222222422222244222222222112222222222222222442222222222442212222222222221221222222222492222222222222221222221224122222222224424924422224222122222222222122222222141212221222222221224422222222222211124224444222442212244222222222122222222222

step 100: train loss 1.5103, val loss 1.4963, time 44.67 seconds
reverse acc 0.4176
Total steps: 137 for 240 tokens
Avg decoded per step: 1.75
Sample:
114059783041309599999999999999999999,9,9,66994949494949497979797777777777777777176717172378777877777777787377377373333333333333333333337333333333733337333133333333333333333333333333333_33335633333333333333333333333133333333333333333333335533333333333333333

step 150: train loss 1.4801, val loss 1.4281, time 65.18 seconds
reverse acc 0.4357
Total steps: 135 for 240 tokens
Avg decoded per step: 1.78
Sample:
5667458973903344444444444444444444444444444444444444444444444499999999999999999999999999444444444444444444444444444444444444444444444444444444444444444448844849949499999999999999999999999999999946964696969291292929222222222222222222222222222222222222222272

step 199: train loss 1.3480, val loss 1.3828, time 83.84 seconds
reverse acc 0.4752
Total steps: 75 for 240 tokens
Avg decoded per step: 3.20
Sample:
4244456595726322222222222222222222222222229292323232328232922929992992929999999999999999999999999924999999999999999999999999999919199999999494999999999999994949499499494999499999999999999999999999999999999999999999999999999999999999999999999999999999999999

Total training time: 88.13 seconds
Total steps: 1 for 1 tokens
Avg decoded per step: 1.00

Output:
92961284291582909
