0.55642 M parameters
step 0: train loss 2.5649, val loss 2.5649, time 0.64 seconds
reverse acc 0.0833
Total steps: 240 for 240 tokens
Avg decoded per step: 1.00
Sample:
9020009245570321020011000212112121212021211001001222002200222211100222010100112020001020112012012020200021211022110211220202121202012012220121021200002002000201220010222120000012220012120211200111100120110210000211012212111012110102112102011100121200202201

step 50: train loss 1.6991, val loss 1.7251, time 21.72 seconds
reverse acc 0.3776
Total steps: 240 for 240 tokens
Avg decoded per step: 1.00
Sample:
4359094442823772272727744444444494444444444444944444444144444444444444444944444444444444441444444444444914444444444444449414449494444444444444444449444414444444444444444444444444414444444444444444444449444444444414444444444444444944444444444444499444444499

step 100: train loss 1.3991, val loss 1.3873, time 43.68 seconds
reverse acc 0.4586
Total steps: 236 for 240 tokens
Avg decoded per step: 1.02
Sample:
1140597830413095454990909070707091900909050,97070999109090807090307080708089897979999999999998070797070707919999999999999999393959795959505299994999999979791959595959595779999959595957799999999997987993959999999999990999999979397959997999995959595959959999

step 150: train loss 1.2700, val loss 1.2102, time 65.24 seconds
reverse acc 0.5290
Total steps: 153 for 240 tokens
Avg decoded per step: 1.57
Sample:
566745897390334429647943347,964796646666666467466446644674426244428242424242419124264464664464464464464464464464464446444344344443444303038313836373439373734373034630373030393939363744304430443033303030303333630003333333333333333330333333333033330833333333

step 199: train loss 0.9788, val loss 0.9996, time 85.81 seconds
reverse acc 0.5886
Total steps: 46 for 240 tokens
Avg decoded per step: 5.22
Sample:
4244456595726322722222404240490444554445504244049609774455404042240000000000000099999969999999999999996969999999999999699999999999999999999999999999699999999999999994999999999999999999999999999999999995999999999999999999999999999999999999999999979999999999

Total training time: 89.88 seconds
Total steps: 1 for 1 tokens
Avg decoded per step: 1.00

Output:
92961284291582902
