0.55642 M parameters
step 0: train loss 2.5649, val loss 2.5649, time 2.00 seconds
Total steps: 240 for 240 tokens
Avg decoded per step: 1.00
Sample:
3574676510735914020011000212112121212021211001001222002200222211212200200001010120200121001202111101212210212020100001001102212121011022101210121102111001012121210022210012202100011121210120222122020201212022100022112011011112002221222220222111002210202122

step 50: train loss 1.1910, val loss 1.2084, time 76.22 seconds
Total steps: 86 for 240 tokens
Avg decoded per step: 2.79
Sample:
457633818218202967817861116717861178886186688161866866167688181666167618#4######44##888############################################################################84#8##############################################################################8##########

step 100: train loss 1.2596, val loss 1.2798, time 139.86 seconds
Total steps: 240 for 240 tokens
Avg decoded per step: 1.00
Sample:
3722345899758884277377332733223137312222##772#777#22#7###7####277####7##7############0################0##################0#7############7################################7########7####################7#####7########0#################7###############0##7####

step 150: train loss 1.2261, val loss 1.2690, time 210.97 seconds
Total steps: 240 for 240 tokens
Avg decoded per step: 1.00
Sample:
66576230245037777333337777933937773399373939993937337733333#9#999##79##9##0#9#9#090#9##000#0##000#90#0###990##00##00#####9###9#00090###0009#099#######0##9#9#000######9####0##00###90##0####90#0#9####9#9###9000#00999###9909#9##0###9##9#990#09##00#0090#####0#

step 199: train loss 1.2419, val loss 1.1795, time 281.89 seconds
Total steps: 240 for 240 tokens
Avg decoded per step: 1.00
Sample:
758105918467037419499833391819313311199111###1#1####9##1####9######9######9##################9########1##########################################0############0###############9#############################9###########0#########0#####9#######################

Total training time: 294.45 seconds
Total steps: 1 for 1 tokens
Avg decoded per step: 1.00

Output:
33900785421635511
