0.55642 M parameters
step 0: train loss 2.5649, val loss 2.5649, time 0.56 seconds
Total steps: 240 for 240 tokens
Avg decoded per step: 1.00
Sample:
8723349512619465020011000212112121212021211001001222002200222211100222010100112020001020112012012020200021211022110211220202121202012012220121021200002002000201220010222120000012220012120211200111100120110210000211012212111012110102112102011100121200202201

step 50: train loss 0.9588, val loss 1.0188, time 17.41 seconds
Total steps: 52 for 240 tokens
Avg decoded per step: 4.62
Sample:
1202454921611240114411#11#22##########################################4#########################################4###############################################################################################################################################

step 100: train loss 0.9449, val loss 0.9123, time 31.81 seconds
Total steps: 36 for 240 tokens
Avg decoded per step: 6.67
Sample:
6808948493024751272878777227222##7#2#2##########################################################################################################################################################################################################################

step 150: train loss 0.9226, val loss 0.9445, time 46.00 seconds
Total steps: 37 for 240 tokens
Avg decoded per step: 6.49
Sample:
97874404106856806,4242224020802205##############################################################################################################################################################################################################################

step 199: train loss 0.8698, val loss 0.9237, time 59.66 seconds
Total steps: 21 for 240 tokens
Avg decoded per step: 11.43
Sample:
3155714389913007################################################################################################################################################################################################################################################

Total training time: 60.21 seconds
Total steps: 1 for 1 tokens
Avg decoded per step: 1.00

Output:
41004585042386593
