0.55642 M parameters
step 0: train loss 2.5649, val loss 2.5649, time 1.79 seconds
Total steps: 240 for 240 tokens
Avg decoded per step: 1.00
Sample:
3574676510735914020011000212112121212021211001001222002200222211212200200001010120200121001202111101212210212020100001001102212121011022101210121102111001012121210022210012202100011121210120222122020201212022100022112011011112002221222220222111002210202122

step 50: train loss 1.1755, val loss 1.1814, time 71.52 seconds
Total steps: 92 for 240 tokens
Avg decoded per step: 2.61
Sample:
45763381821820299666888986998699966896696869669688666#4###644#644####644#46#4#6##6##44###4#####4################################################################################################################################################################

step 100: train loss 1.2514, val loss 1.2681, time 136.79 seconds
Total steps: 240 for 240 tokens
Avg decoded per step: 1.00
Sample:
3722345899758884212112777712127729211##711####1##7###1#177#######1#7#1#########17########1#####17#####7#####1###############1#################8##################################1################8#1###################1#######################################

step 150: train loss 1.2063, val loss 1.2470, time 209.98 seconds
Total steps: 240 for 240 tokens
Avg decoded per step: 1.00
Sample:
66576230245037770690606696060060009906006669990966669699996966#9996#696##9#9#89998899898#889##898#####89988##8####88#####8999##9##988#8#9898##9##########9##8##99#######9#####9##9#########8#8#######8##########8############9######################8#######9###

step 199: train loss 1.2442, val loss 1.1556, time 281.81 seconds
Total steps: 240 for 240 tokens
Avg decoded per step: 1.00
Sample:
75810591846703749442844242###2#4#####22######2####4##########2####4###############2##############2#########################4####44#######################################4###########################################################42#########################

Total training time: 295.35 seconds
Total steps: 1 for 1 tokens
Avg decoded per step: 1.00

Output:
33900785421635518
