0.55642 M parameters
step 0: train loss 2.5649, val loss 2.5649, time 0.92 seconds
Total steps: 240 for 240 tokens
Avg decoded per step: 1.00
Sample:
8723349512619465020011000212112121212021211001001222002200222211100222010100112020001020112012012020200021211022110211220202121202012012220121021200002002000201220010222120000012220012120211200111100120110210000211012212111012110102112102011100121200202201

step 50: train loss 0.9521, val loss 1.0121, time 17.50 seconds
Total steps: 52 for 240 tokens
Avg decoded per step: 4.62
Sample:
12024549216112401242412424#4####2###############################################################################3###############################################################################################################################################

step 100: train loss 0.9560, val loss 0.9243, time 31.00 seconds
Total steps: 47 for 240 tokens
Avg decoded per step: 5.11
Sample:
68089484930247517227#77##227####7#####7#2#######################################################################################################################################################################################################################

step 150: train loss 0.9342, val loss 0.9600, time 44.81 seconds
Total steps: 49 for 240 tokens
Avg decoded per step: 4.90
Sample:
97874404106856803229922290#02#2##00##2##2##############2########################################################################################################################################################################################################

step 199: train loss 0.9135, val loss 0.9641, time 58.91 seconds
Total steps: 47 for 240 tokens
Avg decoded per step: 5.11
Sample:
3155714389913007,1##0#5#59##9###5##5##9#5####99#################################################################################################################################################################################################################

Total training time: 59.90 seconds
Total steps: 1 for 1 tokens
Avg decoded per step: 1.00

Output:
4100458504238659,
