0.557452 M parameters
step 0: train loss 2.8332, val loss 2.8332, time 1.25 seconds
rightcopy acc 0.1070
Total steps: 240 for 240 tokens
Avg decoded per step: 1.00
Sample:
L=24594899000970020011000212112121212021211001001222002200222211212200200001010120200121001202111101212210212020100001001102212110022022100010022101020000122101011222222020100110111202020200102102211012202020222100220002222211210101221110120021110200121102

step 200: train loss 2.3049, val loss 2.3044, time 133.63 seconds
rightcopy acc 0.0947
Total steps: 240 for 240 tokens
Avg decoded per step: 1.00
Sample:
L=61908734428183799788888788888778778779977898977977979999889879798877979798887799877987978788879898797778797888797797998879979898798798797799777979989877787889999898897779779798978798789879988978889797888877997999978999799987988979999777999988798989888997

step 400: train loss 2.3049, val loss 2.3034, time 259.24 seconds
rightcopy acc 0.0997
Total steps: 240 for 240 tokens
Avg decoded per step: 1.00
Sample:
L=87718369844185585558388585588385383535853533383538858333855385535833835335388588855338835583885358383885585338885553858838555338383353335335855355555553855338358853833388853883885833533353853855533335855835585888883583833885533585555353353358333388583855

step 600: train loss 2.3031, val loss 2.3046, time 382.56 seconds
rightcopy acc 0.1003
Total steps: 240 for 240 tokens
Avg decoded per step: 1.00
Sample:
L=19463355684529477787774040017407804447007407400707874404770770070477774040777404077847040444077044444047470744047770447474777040400274074474078404474707474407844444474470747800247740014474440014078040014474044477704704407847704006078001878047004707747447

step 800: train loss 2.3025, val loss 2.3032, time 527.27 seconds
rightcopy acc 0.0945
Total steps: 240 for 240 tokens
Avg decoded per step: 1.00
Sample:
L=74754674747554444388333833343438333433433383848488834844388443338834434438833834833348843333888333833334443443383383444383338388344834444834388833484438488443833434488384333348884484434384344848343834438838488433834844434838433338343348434343443483388883

step 999: train loss 2.3031, val loss 2.3027, time 658.80 seconds
rightcopy acc 0.0988
Total steps: 240 for 240 tokens
Avg decoded per step: 1.00
Sample:
L=59346154893468031311003303100013010010113101331110000003333000300003000030301110100031033013310333300000131001000100003331000000110113113030303300330013333330011100010110031331003001031313001331300130000333103003330111131301030011331313311130333303131113

Total training time: 672.40 seconds
Total steps: 1 for 1 tokens
Avg decoded per step: 1.00

Output:
L=493164634881751
