0.557452 M parameters
step 0: train loss 2.8332, val loss 2.8332, time 0.39 seconds
rightcopy acc 0.0975
Total steps: 240 for 240 tokens
Avg decoded per step: 1.00
Sample:
L=67106993|M=886020011000212112121212021211001001222002200222211100222010100112020001020112012012020200021211022110211220202121202012012220121021200002002000201220010222120000012220012120211200111100120110210000211012212111012110102112102011100121200202201

step 50: train loss 2.0591, val loss 2.0208, time 22.18 seconds
rightcopy acc 0.2781
Total steps: 240 for 240 tokens
Avg decoded per step: 1.00
Sample:
L=67834520|M=886449959994495594544455594449994999959594494549909994440999094444449945494444559999959449499449994549459994449559459499555499544555994445599594459499954599494554559545959499495994449595444994559554959549499549945959499454459495555544999999599

step 99: train loss 1.5295, val loss 1.5548, time 43.75 seconds
rightcopy acc 0.3969
Total steps: 240 for 240 tokens
Avg decoded per step: 1.00
Sample:
L=71877894|M=889911199999119991999119112191911189199111119119991119911111991191199199999212911911919199119111111991121991991119911911191991191919219191191119992199999199999999919999299291111229199291919199219229999991999299299929299929999999922219222292999

Total training time: 51.34 seconds
Total steps: 1 for 1 tokens
Avg decoded per step: 1.00

Output:
L=70873761|M=8072
