0.557452 M parameters
step 0: train loss 2.8332, val loss 2.8332, time 0.65 seconds
rightcopy acc 0.0912
Total steps: 240 for 240 tokens
Avg decoded per step: 1.00
Sample:
L=58955505|M=510020011000212112121212021211001001222002200222211100222010100112020001020112012012020200021211022110211220202121202012012220121021200002002000201220010222120000012220012120211200111100120110210000211012212111012110102112102011100121200202201

step 50: train loss 1.8341, val loss 1.8096, time 23.11 seconds
rightcopy acc 0.3725
Total steps: 240 for 240 tokens
Avg decoded per step: 1.00
Sample:
L=34227618|M=801788888888788877888887878888888888887888881887718788888881888881118787888888888888887818888888888888888887818887888888788878888888188888778788187881718878888888817888818888881187787788817888888881887878778188887818178887878881887888888888888

step 100: train loss 0.9719, val loss 1.0060, time 46.13 seconds
rightcopy acc 0.5769
Total steps: 199 for 240 tokens
Avg decoded per step: 1.21
Sample:
L=33665710|M=183888888883883888188383881818888680748680808888808089288988988088482488988883898883808984737040997358455555405254455455555558556555758505555565555088758868358370884898686838848486880808180838080222222022222222222222222722222222222822222222722

step 150: train loss 0.8158, val loss 0.7964, time 68.65 seconds
rightcopy acc 0.6044
Total steps: 111 for 240 tokens
Avg decoded per step: 2.16
Sample:
L=06424121|M=881687900028909890099890099990000900900000000900000000002023000000000000020000000000200000000000200000000000000000020000000000000000000000002200000229022290922902270922007299270202092202020000000999209090092920099909999200099999900929900009929

step 199: train loss 0.6516, val loss 0.6560, time 89.03 seconds
rightcopy acc 0.7181
Total steps: 104 for 240 tokens
Avg decoded per step: 2.31
Sample:
L=37612729|M=064777777777777977977777777777777777777777977777777777777779777777777777777777777777797777777777777777777777777777777777777777777777777777777777777777777777777777777777777777777777777777777777777777777777777777777777777777797777777777777777777

Total training time: 94.38 seconds
Total steps: 1 for 1 tokens
Avg decoded per step: 1.00

Output:
L=96472722|M=2162
