0.557452 M parameters
step 0: train loss 2.8332, val loss 2.8332, time 1.07 seconds
rightrev acc 0.1070
Total steps: 240 for 240 tokens
Avg decoded per step: 1.00
Sample:
L=24594899000970020011000212112121212021211001001222002200222211212200200001010120200121001202111101212210212020100001001102212110022022100010022101020000122101011222222020100110111202020200102102211012202020222100220002222211210101221110120021110200121102

step 200: train loss 2.3044, val loss 2.3040, time 124.66 seconds
rightrev acc 0.1017
Total steps: 240 for 240 tokens
Avg decoded per step: 1.00
Sample:
L=61908734428183489949899984488898888488999499899949944949948999844999449949948899884944999448999484889998984999494984999849989944989988889999444484888488489988988989988894499498498898949484848949894994944888848894849899998848899998998848988949888494994449

step 400: train loss 2.3047, val loss 2.3034, time 255.40 seconds
rightrev acc 0.0997
Total steps: 240 for 240 tokens
Avg decoded per step: 1.00
Sample:
L=87718369844185535535385383383533385585888885553535858585388338888385383538533858538558358588588533335583853533535838853588555588355855385858533883538555833583358355883538558533833335388838533833538885855838388553888558353558555383383353333333583833353585

step 600: train loss 2.3029, val loss 2.3044, time 387.99 seconds
rightrev acc 0.1003
Total steps: 240 for 240 tokens
Avg decoded per step: 1.00
Sample:
L=19463355684529044747047470077074704470474040077047404000404770740774440777744000004700444477700740040007700440777407470074707004440047404047744440407477470770747474700407000044040047744470444040740747007700474000040770044770077774470770400777044474074404

step 800: train loss 2.3024, val loss 2.3032, time 509.13 seconds
rightrev acc 0.0945
Total steps: 240 for 240 tokens
Avg decoded per step: 1.00
Sample:
L=74754674747554444384383838848448334484434338334344344388333383343343488433844348883333848348483334883334333338333884334384488384333384443338838388383448444384433484338834888883884438338383844383338448843448388484434488848433888438448833434343443483388334

step 999: train loss 2.3031, val loss 2.3027, time 633.41 seconds
rightrev acc 0.1019
Total steps: 240 for 240 tokens
Avg decoded per step: 1.00
Sample:
L=59346154893468301033303000030133111310111113030101300330033033011111011130101103003013111111333130030300110133110103101300103311030103033030031133033101001311330131331113010311033103103030001330103133333001100331311331111313333000130103330310331113033011

Total training time: 646.79 seconds
Total steps: 1 for 1 tokens
Avg decoded per step: 1.00

Output:
L=493164634881753
