0.557452 M parameters
step 0: train loss 2.8332, val loss 2.8332, time 0.59 seconds
rightcopy acc 0.1055
Total steps: 240 for 240 tokens
Avg decoded per step: 1.00
Sample:
L=75362403773101020011000212112121212021211001001222002200222211212200200001010120200121001202111101212210212020100001001102212110022022100010022101020000122101011222222020100110111202020200102102211012202020222100220002222211210101221110120021110200121102

step 50: train loss 2.3082, val loss 2.3099, time 38.93 seconds
rightcopy acc 0.0978
Total steps: 240 for 240 tokens
Avg decoded per step: 1.00
Sample:
L=45680825809814997599957595555597559779997957779779599959575797999595759799999779979999797597579975797777999599559577797795959575975759995759595779595559757977595959797799957599555797997575975777757557995757959955997555795999797599957979955797979795995559

step 99: train loss 2.3036, val loss 2.3028, time 78.40 seconds
rightcopy acc 0.0969
Total steps: 240 for 240 tokens
Avg decoded per step: 1.00
Sample:
L=04769740283726636233666236663226362323626233662366633322323233333623633622622323262623266362262326322262666266666633266636666336632666626263662233636226632262666332226333266662636323233223366336233263333266666636626262266632623362636336636666322632322636

Total training time: 91.32 seconds
Total steps: 1 for 1 tokens
Avg decoded per step: 1.00

Output:
L=577285349434522
