0.557452 M parameters
step 0: train loss 2.8332, val loss 2.8332, time 0.72 seconds
rightcopy acc 0.0912
Total steps: 240 for 240 tokens
Avg decoded per step: 1.00
Sample:
L=58955505|M=510020011000212112121212021211001001222002200222211100222010100112020001020112012012020200021211022110211220202121202012012220121021200002002000201220010222120000012220012120211200111100120110210000211012212111012110102112102011100121200202201

step 200: train loss 0.8422, val loss 0.8367, time 67.11 seconds
rightcopy acc 0.6281
Total steps: 230 for 240 tokens
Avg decoded per step: 1.04
Sample:
L=95438716|M=529940549444315549795846068088808378083368363666666833333386333333333333333333333338308373837333333888730763338833333333333373533077333333333333333067788773307777880683387835894433383338733333337387306333733773890888003547337683370333772002330

step 400: train loss 0.3435, val loss 0.3358, time 133.05 seconds
rightcopy acc 0.8287
Total steps: 15 for 240 tokens
Avg decoded per step: 16.00
Sample:
L=43759745|M=116777777777774777877773277787887778077777777777777787777777777777777777777777777777777777777777777777777777777777777777777777777777777777777777777777777777777777777777777767777777777777777777777777777777777777777777777777777777777777777777777

step 600: train loss 0.2756, val loss 0.2762, time 194.11 seconds
rightcopy acc 0.8912
Total steps: 31 for 240 tokens
Avg decoded per step: 7.74
Sample:
L=65982628|M=174774777777777777777777777777774777777777747777777181777777777777777777777777777777777777777777777787777777777777777777777777777777777777777777777877777777777777777777777777777777777777777777777178777777777777777777777777777777777777777777777

step 800: train loss 0.2206, val loss 0.2498, time 255.07 seconds
rightcopy acc 0.9087
Total steps: 212 for 240 tokens
Avg decoded per step: 1.13
Sample:
L=67470418|M=765944333333334444444444444444444444444444444444444444444444444444444444994585344444444444444444444444444444444444444444444444444444444444444444444444999900444144856658441444444444444444444444444444444444444444089441444444444444444444444444444

step 999: train loss 0.1334, val loss 0.1269, time 320.14 seconds
rightcopy acc 0.9581
Total steps: 229 for 240 tokens
Avg decoded per step: 1.05
Sample:
L=47620002|M=554830886197280885858684384848253575545823355553534444444444444444444444444444444444444840494944849994494949949494835254545483585951565453585852585898788888638888888888888868683443455656342444446444444444444444444444444444444444444848434544545

Total training time: 327.93 seconds
Total steps: 1 for 1 tokens
Avg decoded per step: 1.00

Output:
L=09989370|M=0008
