0.557452 M parameters
step 0: train loss 2.8332, val loss 2.8332, time 0.66 seconds
rightcopy acc 0.0912
Total steps: 240 for 240 tokens
Avg decoded per step: 1.00
Sample:
L=58955505|M=510020011000212112121212021211001001222002200222211100222010100112020001020112012012020200021211022110211220202121202012012220121021200002002000201220010222120000012220012120211200111100120110210000211012212111012110102112102011100121200202201

step 50: train loss 2.3123, val loss 2.3180, time 22.28 seconds
rightcopy acc 0.1013
Total steps: 240 for 240 tokens
Avg decoded per step: 1.00
Sample:
L=34227618|M=801077555575505755077505757705777777775000557007007000050777557700575750770055505757000707005777705000577575557075077055507500505550770550575057550750070007757570770700570077057505575775555777507700000077700700577057570705577705570777057075775

step 100: train loss 2.3059, val loss 2.3067, time 44.85 seconds
rightcopy acc 0.0938
Total steps: 240 for 240 tokens
Avg decoded per step: 1.00
Sample:
L=33665710|M=183919911911311199131113113139331919311913919113331913391939139191999331111131311139131313191119911913399311333391313999391199993199191313133991193999113319931119339331139911399999119311193199311331319933199931131939339931133993311919391999113

step 150: train loss 2.3088, val loss 2.3115, time 67.95 seconds
rightcopy acc 0.0862
Total steps: 240 for 240 tokens
Avg decoded per step: 1.00
Sample:
L=06424121|M=881283232822822338823322382882333223232283338822838888338382223233323828288228888332233828228883223883832328882883322338233223323228888883283883288232383832283323882228838888283323882322283822283332288383822328232238238238388228223333283288888

step 199: train loss 2.3038, val loss 2.3050, time 90.53 seconds
rightcopy acc 0.1087
Total steps: 240 for 240 tokens
Avg decoded per step: 1.00
Sample:
L=37612729|M=064298989892989992992998822292928928922828889929988289822282829898999222999882989222992229888928829292928828889922899229892882899292899288292988928988298998228888822892229289222298829928929222992989999998982289998892292989282982299298929888228

Total training time: 98.48 seconds
Total steps: 1 for 1 tokens
Avg decoded per step: 1.00

Output:
L=96472722|M=2162
