0.557452 M parameters
step 0: train loss 2.8332, val loss 2.8332, time 0.40 seconds
rightrev acc 0.0975
Total steps: 240 for 240 tokens
Avg decoded per step: 1.00
Sample:
L=67106993|M=767020011000212112121212021211001001222002200222211100222010100112020001020112012012020200021211022110211220202121202012012220121021200002002000201220010222120000012220012120211200111100120110210000211012212111012110102112102011100121200202201

step 50: train loss 2.1232, val loss 2.1191, time 22.13 seconds
rightrev acc 0.2206
Total steps: 240 for 240 tokens
Avg decoded per step: 1.00
Sample:
L=67834520|M=765666545554555465556455565555554665456556446665446656564655555555655555455655546455666544654555655554555564465655555554455446555555555566545455454454655655645566454545645546545464546544655555555554654554555665455445645455655656555455545555554

step 99: train loss 1.1677, val loss 1.1913, time 43.89 seconds
rightrev acc 0.5587
Total steps: 240 for 240 tokens
Avg decoded per step: 1.00
Sample:
L=71877894|M=528321772817227772777772287777777777777777727777777777777427774777777777777777777777777777777747777777727777777777777777777777777777777770777777777477077777777727777777777777727777777777777227727227772777722277777777727777777727277727777777777

Total training time: 51.40 seconds
Total steps: 1 for 1 tokens
Avg decoded per step: 1.00

Output:
L=70873761|M=0553
