0.557452 M parameters
step 0: train loss 2.8332, val loss 2.8332, time 1.07 seconds
rightrev acc 0.1070
Total steps: 240 for 240 tokens
Avg decoded per step: 1.00
Sample:
L=24594899000970020011000212112121212021211001001222002200222211212200200001010120200121001202111101212210212020100001001102212110022022100010022101020000122101011222222020100110111202020200102102211012202020222100220002222211210101221110120021110200121102

step 50: train loss 2.2999, val loss 2.3012, time 39.71 seconds
rightrev acc 0.1219
Total steps: 240 for 240 tokens
Avg decoded per step: 1.00
Sample:
L=68111692300154729279797779997777979279779929977297922999797792297792979777992279792227772729277222722277972279722227979999993383889998989838893988333399893393737737779933797377999773979739997939339399399773939999973333939373797993337377797997938777337733

step 100: train loss 2.0376, val loss 2.0480, time 82.28 seconds
rightrev acc 0.2417
Total steps: 240 for 240 tokens
Avg decoded per step: 1.00
Sample:
L=83022838492748187688887888878811788878881881878877888888877813888888118817871887887878887178878788881788871878888188883818888188181817888888811818888188888887181888881188877187878888888888878118888871878888188888188888888888817888888188886888819616988788

step 150: train loss 1.8775, val loss 1.8863, time 124.13 seconds
rightrev acc 0.2875
Total steps: 240 for 240 tokens
Avg decoded per step: 1.00
Sample:
L=52653856839824888888888888888888888888888888888888888881888888588888888888888888888888888888858881888888885888828888888888868388383888883838288388888888818888488818888328684848388838383288888838483182888888888882288888828868888888888188688888888888888888

step 199: train loss 1.8059, val loss 1.7865, time 164.69 seconds
rightrev acc 0.3042
Total steps: 165 for 240 tokens
Avg decoded per step: 1.45
Sample:
L=61972216292965151383228481268319222112639211223122142122222222222261222222262222222222222222222222212222222222262222222222222222222222222262222222222222222622222622222622222222222222222222222222822222222222222232222222222222226222222222221883662123228126

Total training time: 175.39 seconds
Total steps: 1 for 1 tokens
Avg decoded per step: 1.00

Output:
L=303113651236558
