0.557452 M parameters
step 0: train loss 2.8332, val loss 2.8332, time 0.40 seconds
rightcopy acc 0.0975
Total steps: 240 for 240 tokens
Avg decoded per step: 1.00
Sample:
L=67106993|M=886020011000212112121212021211001001222002200222211100222010100112020001020112012012020200021211022110211220202121202012012220121021200002002000201220010222120000012220012120211200111100120110210000211012212111012110102112102011100121200202201

step 50: train loss 1.8810, val loss 1.8492, time 22.23 seconds
rightcopy acc 0.3337
Total steps: 240 for 240 tokens
Avg decoded per step: 1.00
Sample:
L=67834520|M=886489888880880088800888888888888211118881881288222880009929990920900022999990209929000292922909090922009009099209920099009909222909092000090929009900999909922090902020000909099002009029909099922929992929992000090290092299000999909990992209999

step 99: train loss 0.9803, val loss 1.0204, time 44.81 seconds
rightcopy acc 0.6281
Total steps: 237 for 240 tokens
Avg decoded per step: 1.01
Sample:
L=71877894|M=889888788888888882888888888888888888888888888888888888888838888888888888888888388888888888888888888888888888888888388888888888888888888888888888888888888888888888838858888888888838888888888888288888888888888888888888888888888888888888888888888

Total training time: 52.41 seconds
Total steps: 1 for 1 tokens
Avg decoded per step: 1.00

Output:
L=70873761|M=8071
