0.557452 M parameters
step 0: train loss 2.8332, val loss 2.8332, time 1.07 seconds
rightrev acc 0.1070
Total steps: 240 for 240 tokens
Avg decoded per step: 1.00
Sample:
L=24594899000970020011000212112121212021211001001222002200222211212200200001010120200121001202111101212210212020100001001102212110022022100010022101020000122101011222222020100110111202020200102102211012202020222100220002222211210101221110120021110200121102

step 200: train loss 1.8416, val loss 1.8520, time 121.44 seconds
rightrev acc 0.2944
Total steps: 190 for 240 tokens
Avg decoded per step: 1.26
Sample:
L=61908734428183718313131313737313131318731816308143813831382381138218588811183181873282823181318232313831688737313137313133131347183231831688788184848118118838128118358581753788488788381288884888808888828888188188888881888888818888881888881388383838383833

step 400: train loss 1.6346, val loss 1.6360, time 243.95 seconds
rightrev acc 0.3595
Total steps: 230 for 240 tokens
Avg decoded per step: 1.04
Sample:
L=87718369844185588381999689250920183140811808140081036838894088989898869949304980898908944338044945490498984049933994489999344441092898199539181984991878882981886887808480898482878848905188388788387882882896868878780838683879888286839888393685881876388787

step 600: train loss 1.4778, val loss 1.4958, time 364.33 seconds
rightrev acc 0.4003
Total steps: 33 for 240 tokens
Avg decoded per step: 7.27
Sample:
L=19463355684529414411111111117114111411411111111111111141111441144111141141114151111114414414411111111111111111411411411114414181611114441941111341134111111611411444441541541111111141144141414411141114411414411411411415114141111111111111141181111118151111

step 800: train loss 1.4638, val loss 1.4653, time 483.83 seconds
rightrev acc 0.4091
Total steps: 35 for 240 tokens
Avg decoded per step: 6.86
Sample:
L=74754674747554181281218187177121819171117711111912911711117111117177177111777174771117177171117174771711127111111177712777717137778171277777111717171777777177777777777747777777973774777177777777771177171711777771177771177771777722177777113812717717787781

step 999: train loss 1.2997, val loss 1.2862, time 601.72 seconds
rightrev acc 0.4545
Total steps: 99 for 240 tokens
Avg decoded per step: 2.42
Sample:
L=59346154893468183082881848488131817337437431383837381531821837481358888434383381333768381731817133733733743381371833317139131799168999939910531615193290173125169391931513313313331111993191339171911113399117913991311391111113111719933799915288871589999686

Total training time: 610.50 seconds
Total steps: 1 for 1 tokens
Avg decoded per step: 1.00

Output:
L=493164634881752
