0.557452 M parameters
step 0: train loss 2.8332, val loss 2.8332, time 0.58 seconds
rightcopy acc 0.1055
Total steps: 240 for 240 tokens
Avg decoded per step: 1.00
Sample:
L=75362403773101020011000212112121212021211001001222002200222211212200200001010120200121001202111101212210212020100001001102212110022022100010022101020000122101011222222020100110111202020200102102211012202020222100220002222211210101221110120021110200121102

step 50: train loss 2.2817, val loss 2.2841, time 38.88 seconds
rightcopy acc 0.1336
Total steps: 240 for 240 tokens
Avg decoded per step: 1.00
Sample:
L=45680825809814047840007040054445400544554050044900000444400400040004004504440050550778704000450445550500478400778040000000400005544044590550000440050455005050000490005554000054550050054905900045450450000004095949405050900599005544040000450550404440040004

step 99: train loss 2.1260, val loss 2.1214, time 77.86 seconds
rightcopy acc 0.2197
Total steps: 240 for 240 tokens
Avg decoded per step: 1.00
Sample:
L=04769740283726774777377777773717771771714117117471147717771114777777711177477477777774711777177111717717117771177774711717777771717077017711177117777711777417777141171174474747447177711177147777117711711777477474114711717747471147141177741411111711171141

Total training time: 90.53 seconds
Total steps: 1 for 1 tokens
Avg decoded per step: 1.00

Output:
L=577285349434527
