0.557452 M parameters
step 0: train loss 2.8332, val loss 2.8332, time 0.38 seconds
rightcopy acc 0.0975
Total steps: 240 for 240 tokens
Avg decoded per step: 1.00
Sample:
L=67106993|M=886020011000212112121212021211001001222002200222211100222010100112020001020112012012020200021211022110211220202121202012012220121021200002002000201220010222120000012220012120211200111100120110210000211012212111012110102112102011100121200202201

step 50: train loss 1.9001, val loss 1.8887, time 21.89 seconds
rightcopy acc 0.3438
Total steps: 240 for 240 tokens
Avg decoded per step: 1.00
Sample:
L=67834520|M=886288888888588855888885858888888888858886888568868858888868888888868885658858566858588588888885885888888885888888888885888888888888688886158868888888881888818888888881888888188118881888888168118881888818811681886818881881816888118888888861188

step 99: train loss 1.0517, val loss 1.0755, time 43.87 seconds
rightcopy acc 0.5875
Total steps: 240 for 240 tokens
Avg decoded per step: 1.00
Sample:
L=71877894|M=889868885989985985995755698953595059505595525575522505959565599995395868868868888868868888868668888980899898898989988989998998998909999898999989999899699999999989999999969999999999937999907777070779767879868558888885689586268286888888888126286

Total training time: 51.55 seconds
Total steps: 1 for 1 tokens
Avg decoded per step: 1.00

Output:
L=70873761|M=8078
