0.557452 M parameters
step 0: train loss 2.8332, val loss 2.8332, time 1.09 seconds
rightcopy acc 0.1070
Total steps: 240 for 240 tokens
Avg decoded per step: 1.00
Sample:
L=24594899000970020011000212112121212021211001001222002200222211212200200001010120200121001202111101212210212020100001001102212110022022100010022101020000122101011222222020100110111202020200102102211012202020222100220002222211210101221110120021110200121102

step 200: train loss 1.9286, val loss 1.9420, time 123.99 seconds
rightcopy acc 0.2672
Total steps: 240 for 240 tokens
Avg decoded per step: 1.00
Sample:
L=61908734428183948886883888818181382882884887884887884887831826233323333433333331343432323833333333333363333313233333432313333311188141811812114114141818181818433181111818111121184131141111811181111112119111411211218131143131111141141184188881888128888888

step 400: train loss 1.7146, val loss 1.7130, time 244.64 seconds
rightcopy acc 0.3242
Total steps: 9 for 240 tokens
Avg decoded per step: 26.67
Sample:
L=87718369844185888888888888888888888888888888888181888558881185111888181588888858818888818188888881558185888818851888888888851188888888888888888188888188888888888888185888888888888888888858888888888885888888888885858888818888888888888888888888888888888882

step 600: train loss 1.5447, val loss 1.5547, time 358.74 seconds
rightcopy acc 0.3684
Total steps: 60 for 240 tokens
Avg decoded per step: 4.00
Sample:
L=19463355684529000200223303000002023300220222000040300002002203041001003020000020000300300200020003000000000008083000300000000000000000000000000000000000000000000000000000000000000000000000008008000000000000000008008000000000000000880960084030000000008700

step 800: train loss 1.5361, val loss 1.5352, time 474.36 seconds
rightcopy acc 0.3797
Total steps: 24 for 240 tokens
Avg decoded per step: 10.00
Sample:
L=74754674747554633333333333333533333333333333333333333333333333333333333933939993339333933333333933933333339333933933333933333383333333333333333343333333333333343333333333333373333333373333333333333333333733333333333333333333333333333333330134894184433993

step 999: train loss 1.3877, val loss 1.3830, time 588.26 seconds
rightcopy acc 0.4328
Total steps: 24 for 240 tokens
Avg decoded per step: 10.00
Sample:
L=59346154893468R94444444444444447744444444444444444444444444444444444444444444444444444444444444444445444444444444444444444444487144444444444494444444444444444444444444444444444444444444444544444444444444444444444444444444444444444444444448888888488888118

Total training time: 594.87 seconds
Total steps: 1 for 1 tokens
Avg decoded per step: 1.00

Output:
L=493164634881758
