0.557452 M parameters
step 0: train loss 2.8332, val loss 2.8332, time 0.78 seconds
rightrev acc 0.0912
Total steps: 240 for 240 tokens
Avg decoded per step: 1.00
Sample:
L=58955505|M=377020011000212112121212021211001001222002200222211100222010100112020001020112012012020200021211022110211220202121202012012220121021200002002000201220010222120000012220012120211200111100120110210000211012212111012110102112102011100121200202201

step 200: train loss 0.6535, val loss 0.6655, time 70.06 seconds
rightrev acc 0.7050
Total steps: 26 for 240 tokens
Avg decoded per step: 9.23
Sample:
L=95438716|M=241029999989994899994999999999999999999899999999989499997999999999999999998999989999999989999999999999999999999999997998999999999899999999999999999999999999999999999999999999999999999999999999999999999999979979999999999999999999999999999999999

step 400: train loss 0.4557, val loss 0.4624, time 131.74 seconds
rightrev acc 0.7756
Total steps: 166 for 240 tokens
Avg decoded per step: 1.45
Sample:
L=43759745|M=160300988602600400950091003530490000700200600006000000009000000000000000000000040010020008000000000000700000030000900002000600000000400600600006000000003030300006000000000000010040090020002000008445002020202080000007000000020900300602000000000

step 600: train loss 0.3021, val loss 0.3074, time 196.82 seconds
rightrev acc 0.8812
Total steps: 127 for 240 tokens
Avg decoded per step: 1.89
Sample:
L=65982628|M=160276666066066796166666666666666666666666666666666666666666666666666666666666666666666666666666666666666666666666666666666666666666666666666666666666666666666666666666666666666666666666666666666666666666666666666666666666666666666666666666666

step 800: train loss 0.3210, val loss 0.3198, time 266.84 seconds
rightrev acc 0.8762
Total steps: 129 for 240 tokens
Avg decoded per step: 1.86
Sample:
L=67470418|M=99299999997997990R00000000000000000000070000000000789070007807081005170007000007077107007077317030717971097409717970097809707970090973797109008771779788887978L8787R788878787478708787878887M787747079737974797479707970797479787970797379717975973

step 999: train loss 0.1547, val loss 0.1508, time 329.88 seconds
rightrev acc 0.9500
Total steps: 172 for 240 tokens
Avg decoded per step: 1.40
Sample:
L=47620002|M=927992909197919702000150007540079060000007000000000111111111111111111111111111111111111111116111111011999954199992299299299202022922941911121222291950229992929222222222222222222222222222222222222222222222222222222222222222222222222222274222222

Total training time: 336.20 seconds
Total steps: 1 for 1 tokens
Avg decoded per step: 1.00

Output:
L=09989370|M=4312
