0.557452 M parameters
step 0: train loss 2.8332, val loss 2.8332, time 0.75 seconds
rightcopy acc 0.0912
Total steps: 240 for 240 tokens
Avg decoded per step: 1.00
Sample:
L=58955505|M=510020011000212112121212021211001001222002200222211100222010100112020001020112012012020200021211022110211220202121202012012220121021200002002000201220010222120000012220012120211200111100120110210000211012212111012110102112102011100121200202201

step 200: train loss 2.3018, val loss 2.3047, time 72.21 seconds
rightcopy acc 0.0994
Total steps: 240 for 240 tokens
Avg decoded per step: 1.00
Sample:
L=95438716|M=529686565886658885866656668588855885566685586685566556866666855666856888558885865665665565588655858588685565565858865558686558658685886656588865865855655655558668858656665858686855666668856685585568656866866555855658885568588685558656885886665

step 400: train loss 2.3047, val loss 2.3025, time 142.40 seconds
rightcopy acc 0.0981
Total steps: 240 for 240 tokens
Avg decoded per step: 1.00
Sample:
L=43759745|M=116858855855155588515551551518115858155851858551115551818885551511185515588181815518581188855881581851188155111185151888185588881588585151511885581888551158815558118115518855188888558155581588155115158515185118558815188885885881118588588885158

step 600: train loss 2.3045, val loss 2.3050, time 209.06 seconds
rightcopy acc 0.1050
Total steps: 240 for 240 tokens
Avg decoded per step: 1.00
Sample:
L=65982628|M=174036330030636363330060636606603033363363666303600306636660333363366003336366000306666060000606666003006303063066003006330666606366306030630300033633060636663663633330003636303066636333036603000600330063330006666006360300330063030606300063366

step 800: train loss 2.3045, val loss 2.3055, time 274.88 seconds
rightcopy acc 0.1050
Total steps: 240 for 240 tokens
Avg decoded per step: 1.00
Sample:
L=67470418|M=765622633263236323622662333322332236262626262266222232336236623362333636233326626322663323623232262323263626322323362336632623236326266336626323263263236263633236333233226236336622666666632366663632332222333323266262362366633626262223366336623

step 999: train loss 2.3026, val loss 2.3028, time 340.64 seconds
rightcopy acc 0.0994
Total steps: 240 for 240 tokens
Avg decoded per step: 1.00
Sample:
L=47620002|M=554438834843333438884338444484438833848433383448444383838844834883848443344838383333438488843448838434388484434344848334338488348384484384444838344434838344884334348438388343843833338483344443334343884333333348483483343383333348484434834484843

Total training time: 348.39 seconds
Total steps: 1 for 1 tokens
Avg decoded per step: 1.00

Output:
L=09989370|M=0008
