0.557452 M parameters
step 0: train loss 2.8332, val loss 2.8332, time 0.68 seconds
rightrev acc 0.0912
Total steps: 240 for 240 tokens
Avg decoded per step: 1.00
Sample:
L=58955505|M=377020011000212112121212021211001001222002200222211100222010100112020001020112012012020200021211022110211220202121202012012220121021200002002000201220010222120000012220012120211200111100120110210000211012212111012110102112102011100121200202201

step 50: train loss 2.0568, val loss 2.0148, time 22.50 seconds
rightrev acc 0.2750
Total steps: 240 for 240 tokens
Avg decoded per step: 1.00
Sample:
L=34227618|M=964099903939009303993000393393009990030300300003039900009903003390309903330300990939009303000330999999300009003030900333309390030330300009900093003000000999900309093330003000039990303003399009039930099993090093000303900300099000030009000300909

step 100: train loss 1.0316, val loss 1.0633, time 44.77 seconds
rightrev acc 0.5731
Total steps: 98 for 240 tokens
Avg decoded per step: 2.45
Sample:
L=33665710|M=734883848888407888888888888888887888888888888788888888888588888888888888888888888888888888888888888888888888888888888888888888888888888888888888886888888886888888888888888888888888888888888888888858888888888888888888888888888888888888888888888

step 150: train loss 0.6201, val loss 0.6285, time 64.41 seconds
rightrev acc 0.7231
Total steps: 50 for 240 tokens
Avg decoded per step: 4.80
Sample:
L=06424121|M=980893293583393333333393333333333333333333393333333333333333333333333933333333333333333333333333333333333333333333333333333333333333333333333333333333333333333333333333333333333333333338333333333333333333333333333333333333333333333333333333333

step 199: train loss 0.4876, val loss 0.5020, time 83.64 seconds
rightrev acc 0.7731
Total steps: 76 for 240 tokens
Avg decoded per step: 3.16
Sample:
L=37612729|M=729221212222222222222222222222222222222222222222222222222222222222222722222222222222222222222222222222222222222222222222222222222222222222222222222222222223222222222222222222222222222222222222222222222222222222222222222222222222222222222222222

Total training time: 88.75 seconds
Total steps: 1 for 1 tokens
Avg decoded per step: 1.00

Output:
L=96472722|M=6422
