0.557452 M parameters
step 0: train loss 2.8332, val loss 2.8332, time 0.88 seconds
rightrev acc 0.0912
Total steps: 240 for 240 tokens
Avg decoded per step: 1.00
Sample:
L=58955505|M=377020011000212112121212021211001001222002200222211100222010100112020001020112012012020200021211022110211220202121202012012220121021200002002000201220010222120000012220012120211200111100120110210000211012212111012110102112102011100121200202201

step 200: train loss 2.3011, val loss 2.3049, time 69.72 seconds
rightrev acc 0.0994
Total steps: 240 for 240 tokens
Avg decoded per step: 1.00
Sample:
L=95438716|M=241688855865656866588656868856556668868665686685865668588655688556866568565658586586658866566856858586866568855558686868668568568866688888566856666865555688585568556568555866588655555655886585658856566866566566655565668885568688665568855855888

step 400: train loss 2.3053, val loss 2.3022, time 136.67 seconds
rightrev acc 0.0981
Total steps: 240 for 240 tokens
Avg decoded per step: 1.00
Sample:
L=43759745|M=160548455444455554444854454555858558855485544585555585545545845544484845445484858544845854884888485844485488455555455584485855885855488448485484885445555458544545888484485554555884554458844554858545884854484845884585885845545555885444855845588

step 600: train loss 2.3047, val loss 2.3050, time 204.21 seconds
rightrev acc 0.1062
Total steps: 240 for 240 tokens
Avg decoded per step: 1.00
Sample:
L=65982628|M=160636363030006030666303333360030330366330603036003000630066360333330663330006606600603363336060606303000003363033606633060300063666363333006330003663600660336663060603360033366606306660063663336330036600033663600666330660030063030060066330330

step 800: train loss 2.3039, val loss 2.3045, time 272.61 seconds
rightrev acc 0.1050
Total steps: 240 for 240 tokens
Avg decoded per step: 1.00
Sample:
L=67470418|M=992333623626262232332663323363662663633633622666626332623363236332262626632333363262622666323336632632322363622632333232222322633262662223223636322232636236322266262266662663626333632222232263662632633323226322236633336332222333326232366622336

step 999: train loss 2.3028, val loss 2.3028, time 339.85 seconds
rightrev acc 0.0994
Total steps: 240 for 240 tokens
Avg decoded per step: 1.00
Sample:
L=47620002|M=927448388333848844348344344448448844888443448848488484444833333338888348883848434833443838838434888888343343383834488888484383388338334384483344333383848884434843444338848488843844443333843343334838334888484348443843348384384883343888483448843

Total training time: 347.85 seconds
Total steps: 1 for 1 tokens
Avg decoded per step: 1.00

Output:
L=09989370|M=4318
