0.557452 M parameters
step 0: train loss 2.8332, val loss 2.8332, time 0.67 seconds
rightrev acc 0.0912
Total steps: 240 for 240 tokens
Avg decoded per step: 1.00
Sample:
L=58955505|M=377020011000212112121212021211001001222002200222211100222010100112020001020112012012020200021211022110211220202121202012012220121021200002002000201220010222120000012220012120211200111100120110210000211012212111012110102112102011100121200202201

step 50: train loss 2.3122, val loss 2.3178, time 22.68 seconds
rightrev acc 0.1013
Total steps: 240 for 240 tokens
Avg decoded per step: 1.00
Sample:
L=34227618|M=964077555575505755077505757705777777577077557507077577755005705070555750770055505757000707005777705575777705057705070007550707007055707750007070705075575507757570770707550757505505775507000777577700000007575050705770557777555707057577757507757

step 100: train loss 2.3059, val loss 2.3068, time 45.76 seconds
rightrev acc 0.0938
Total steps: 240 for 240 tokens
Avg decoded per step: 1.00
Sample:
L=33665710|M=734919393391313911391133939191133139139933391933199113331133913113191931999199191113111991391139931931913319313199939391393313391933119191313911199999113133333139311991313111933111911311113133319939331111913113191393199391193331393191391319991

step 150: train loss 2.3084, val loss 2.3106, time 69.08 seconds
rightrev acc 0.0862
Total steps: 240 for 240 tokens
Avg decoded per step: 1.00
Sample:
L=06424121|M=980183232323828828332332288338222328333333283283832133332883823333323233333323223883833838228833882333822328328823283383833283338328388322288232338518328382832888838828282333223883888338233222383833383832222323288838388832882222833282382222333

step 199: train loss 2.3037, val loss 2.3049, time 91.86 seconds
rightrev acc 0.1175
Total steps: 240 for 240 tokens
Avg decoded per step: 1.00
Sample:
L=37612729|M=729298229922288828988299229292829822292989288822282892922892999992298999998822229298999899988898289999898889982889298298228292982298989922298922822289229228888828228999889889998298292229829989928929229922822999288882282299898222222292889992892

Total training time: 99.47 seconds
Total steps: 1 for 1 tokens
Avg decoded per step: 1.00

Output:
L=96472722|M=6429
