0.557964 M parameters
step 0: train loss 2.9444, val loss 2.9444, time 0.65 seconds
rule acc 0.0850
Total steps: 240 for 240 tokens
Avg decoded per step: 1.00
Sample:
A=55616049|M=556020011000212112121212021211001001222002200222211100222010100112020001020112012012020200021211022110211220202121202012012220121021200002002000201220010222120000012220012120211200111100120110210000211012212111012110102112102011100121200202201

step 200: train loss 1.3873, val loss 1.3619, time 65.96 seconds
rule acc 0.3869
Total steps: 37 for 240 tokens
Avg decoded per step: 6.49
Sample:
A=65240648|M=652646444466686686668868896668686886866869686866986886688686888688886888868688888888688688886888888886868868868888888888868888868688886888888888888888888888828868888888888888888888888888888888888828888888288888888888888888888888888888888888888

step 400: train loss 1.4382, val loss 1.4523, time 128.95 seconds
rule acc 0.3638
Total steps: 21 for 240 tokens
Avg decoded per step: 11.43
Sample:
A=63957191|M=639131333199316666116611666616166166166161161116661116166116166666666666666666666666666466666646664666666666666666666660666666666666666666666666666666666666666666666664666666666666666666666666666664666666666666666666666666666616666666666466666

step 600: train loss 1.2955, val loss 1.3043, time 190.29 seconds
rule acc 0.3825
Total steps: 37 for 240 tokens
Avg decoded per step: 6.49
Sample:
A=98152640|M=046866664600000009000000000000000900090000000000000000000000000000000000000000000000000000000700000000000000000000000000000000000000000000000000000000000000000000000000000000000900000000900000000000000000000000000000000000000000000000000000000

step 800: train loss 1.0824, val loss 1.0785, time 251.15 seconds
rule acc 0.4475
Total steps: 59 for 240 tokens
Avg decoded per step: 4.07
Sample:
A=84349769|M=967034949399999999999998999999999999999999859999999109999950999999099999992999999950999999990999999109999901999999199999990999999906999999990999999209999960999999609999999099999995099999999629999209999905557995999999209999959553999999909999999

step 999: train loss 0.9594, val loss 0.9592, time 312.44 seconds
rule acc 0.4612
Total steps: 196 for 240 tokens
Avg decoded per step: 1.22
Sample:
A=10333911|M=103111201311111111111118111111111111111111111111111290117395821103927125227222604425226762202327174203659847656025996500505863011680836830038130851992318605227277297777972799229772729407972726740932617920709531702056919592500664266606600055600

Total training time: 319.35 seconds
Total steps: 1 for 1 tokens
Avg decoded per step: 1.00

Output:
A=17157817|M=7187
