0.557964 M parameters
step 0: train loss 2.9444, val loss 2.9444, time 0.71 seconds
rule acc 0.0850
Total steps: 240 for 240 tokens
Avg decoded per step: 1.00
Sample:
A=55616049|M=556020011000212112121212021211001001222002200222211100222010100112020001020112012012020200021211022110211220202121202012012220121021200002002000201220010222120000012220012120211200111100120110210000211012212111012110102112102011100121200202201

step 200: train loss 1.3686, val loss 1.3564, time 74.82 seconds
rule acc 0.3869
Total steps: 37 for 240 tokens
Avg decoded per step: 6.49
Sample:
A=65240648|M=652252264666666686666666836686866666666663686666366666666666666666663666666666666666666666666666666666666666666666666666666666666666667666666666666666666666636676666666666676666666666666666766666676666666766666666666666666666666666666666666666

step 400: train loss 1.2930, val loss 1.3040, time 136.67 seconds
rule acc 0.4056
Total steps: 36 for 240 tokens
Avg decoded per step: 6.67
Sample:
A=63957191|M=639353396666669666666666666666666666566666666666666666666666666666666666666666666666666686666666666666666666666666666666666666666686666666666666666666666666666666666666666666666666666666666666666666666666666666666666666666666666666666666866666

step 600: train loss 0.9622, val loss 0.9461, time 200.61 seconds
rule acc 0.4662
Total steps: 17 for 240 tokens
Avg decoded per step: 14.12
Sample:
A=98152640|M=046556555544844040004404000449440444044444404444404040400400000444044004040000444040444444440000040040004404440000000444404444444844444443666666666664666666566666666666666666566666666666666666666666666666656666666666665665656666666666666660666

step 800: train loss 1.1786, val loss 1.1837, time 263.95 seconds
rule acc 0.4231
Total steps: 24 for 240 tokens
Avg decoded per step: 10.00
Sample:
A=84349769|M=967666666676666668969899899999999999999999999999999999999999999999999999999999999999999999999999999999999999999999999999999999999999999999999999999999999999959999995999999999999999999999999979999999999999999999999999999999999999999799999997779

step 999: train loss 0.8942, val loss 0.9010, time 325.98 seconds
rule acc 0.4850
Total steps: 17 for 240 tokens
Avg decoded per step: 14.12
Sample:
A=10333911|M=103001333011111111111111111111111111111161111111111111111111111111111111111111111111111111811111111111111111111111111111111111111111111111111151551551115515111555555555555555555555555555555555555555555555555555555555555555555555555555555555555

Total training time: 329.79 seconds
Total steps: 1 for 1 tokens
Avg decoded per step: 1.00

Output:
A=17157817|M=7181
