0.557964 M parameters
step 0: train loss 2.9444, val loss 2.9444, time 0.76 seconds
rule acc 0.0850
Total steps: 240 for 240 tokens
Avg decoded per step: 1.00
Sample:
A=55616049|M=556020011000212112121212021211001001222002200222211100222010100112020001020112012012020200021211022110211220202121202012012220121021200002002000201220010222120000012220012120211200111100120110210000211012212111012110102112102011100121200202201

step 50: train loss 1.7104, val loss 1.7083, time 23.31 seconds
rule acc 0.3469
Total steps: 240 for 240 tokens
Avg decoded per step: 1.00
Sample:
A=46536207|M=702577777757575777767677576777657777765577776575575575755575757777675555557555567575657555555665557555555555555555555555565575555555757555565575755555765775575657557657565555555575555555555555555555555575555555555595555559595555555555555555555

step 100: train loss 1.5005, val loss 1.4932, time 45.83 seconds
rule acc 0.3619
Total steps: 70 for 240 tokens
Avg decoded per step: 3.43
Sample:
A=40566881|M=188686880888611111111116110111111111111110111111110101111101111111111111111110111111111111111111111111111111511111111111111111111111111111111111111115111111111111111511111111111111111111111111111111111111111111111111111111711111111111111151111

step 150: train loss 1.3802, val loss 1.3905, time 65.01 seconds
rule acc 0.3600
Total steps: 42 for 240 tokens
Avg decoded per step: 5.71
Sample:
A=32591556|M=325522555566336333633336333333633333633333333633363336333333333933333333333933333336333333333393363333333333333333333333333333333339333333393333333333333333333333333333333333333333333333333333333333333333333333333333333333333333333333333333333

step 199: train loss 1.3076, val loss 1.3045, time 84.31 seconds
rule acc 0.3881
Total steps: 46 for 240 tokens
Avg decoded per step: 5.22
Sample:
A=18564552|M=185858885885181111111111111111111111111111111111111611111111111111111111111111111111111111111111111111111111111111111111111111111111111111111111111111111111111111111111111111111111111111111111111111111111111111111111111111111111161111111111111

Total training time: 88.55 seconds
Total steps: 1 for 1 tokens
Avg decoded per step: 1.00

Output:
A=89529364|M=8955
