0.557964 M parameters
step 0: train loss 2.9444, val loss 2.9444, time 0.67 seconds
rule acc 0.0850
Total steps: 240 for 240 tokens
Avg decoded per step: 1.00
Sample:
A=55616049|M=556020011000212112121212021211001001222002200222211100222010100112020001020112012012020200021211022110211220202121202012012220121021200002002000201220010222120000012220012120211200111100120110210000211012212111012110102112102011100121200202201

step 50: train loss 1.7498, val loss 1.7628, time 23.46 seconds
rule acc 0.3500
Total steps: 240 for 240 tokens
Avg decoded per step: 1.00
Sample:
A=46536207|M=702622020727222202270220222222722227222227770727727727722777227779297277727977777777279777772777777777777772777777777777777777777772777273772777727727777777777773777727777777777777777777773777777777757777777577777377773777573775377777777577777

step 100: train loss 1.5239, val loss 1.5222, time 45.86 seconds
rule acc 0.3594
Total steps: 45 for 240 tokens
Avg decoded per step: 5.33
Sample:
A=40566881|M=188888611111144111111111111101111111111111111011111111110113111111111131111111111111111111111331111113111111111111111111111111111111111111111011111011111111311111111111111110111111111111111110111111111111111111111111111111111111111111111111111

step 150: train loss 1.3841, val loss 1.3829, time 65.03 seconds
rule acc 0.3794
Total steps: 54 for 240 tokens
Avg decoded per step: 4.44
Sample:
A=32591556|M=325555555553333333333333333333333333330333633306333333333333333333333333333333033333030333333333333303333330330333333330333333033333033333330333333333303030333333003333333333003333330303333033303030300000000033330333303333303333333033003033033

step 199: train loss 1.3086, val loss 1.3018, time 84.30 seconds
rule acc 0.3806
Total steps: 44 for 240 tokens
Avg decoded per step: 5.45
Sample:
A=18564552|M=185555555511111111111111111111111111111111111111111111111111111111111111111311110111111111111111111111111113111111111111111111111111111111111111111111111111111111111111111111101111111111111111111111111111111111111111111011111111111111111111111

Total training time: 88.95 seconds
Total steps: 1 for 1 tokens
Avg decoded per step: 1.00

Output:
A=89529364|M=8959
