0.572804 M parameters
step 0: train loss 4.3438, val loss 4.3438, time 0.92 seconds
sent acc 0.0000
Total steps: 240 for 240 tokens
Avg decoded per step: 1.00
Sample:
The Independent _ __

___ 
 

 
 
 
 _ 
 

__
__
   __  __    

 
  __ ____
_
_
 _ __
 
__
 _ 



_
 
  
_ 
 _ _
____
__

_  
 

__  _  
___
__  
_
_ ____
  
_
_

      _ _
__

_


 _ _ _ __
_ 
_  

_
  _ _ _   
__  ___     

 
_
_
  


_
 __ 


_ __
 

_ 

step 50: train loss 3.0882, val loss 3.0559, time 38.54 seconds
sent acc 0.1637
Total steps: 240 for 240 tokens
Avg decoded per step: 1.00
Sample:
The Independent tt etea  ee te    e e e e eee ee     te   t  t e  eeea t e teeae ett  e e    ea  ea        ee    t t ett  e t t  te eet et   teeate  tette   eeae  e eteeaee  eta   eee   tea e te te t   et e   te tee eeat  et  e  tt e   t  teeat teee e  e e

step 100: train loss 3.1136, val loss 3.0795, time 77.19 seconds
sent acc 0.1656
Total steps: 240 for 240 tokens
Avg decoded per step: 1.00
Sample:
The Independent i ie ae  e ie iea  as  a  i i      e a i iia i i a  iaeaa i te  i e   iia t  e t  e t ti ea i ee ai e a   a   a i i i   i i iee i  ee  e   iee   t tiie a ii   e  ee     i ti   ea e      e t ae t t t   a t t  i      a  e te se     e ae e ts 

step 150: train loss 3.0018, val loss 3.0790, time 116.00 seconds
sent acc 0.1660
Total steps: 240 for 240 tokens
Avg decoded per step: 1.00
Sample:
The Independent te t    ee taia    t t   ta  taa t n  ate  a  nee te n    aea   a aee aee  t      eat te ne ta e  anan  at t ne     n t  e n n n  n n n ee enen    nnnenn    n  n n n   n e ee ee  een   ee e  e    tt  een  t  e   nn   n  t te te eenne e e  e

step 199: train loss 2.9255, val loss 3.0966, time 152.82 seconds
sent acc 0.1682
Total steps: 240 for 240 tokens
Avg decoded per step: 1.00
Sample:
The Independent n ce cae e a  e t n  tatn c ao caoaoeaoein  ne ne t cat cee c ctss r ts   t  tt tto   s   oinei n n co e nte to n t c teeeee t et e e  teeet ee e t ee  e h hhh  hh  e  eeh   he  e he  h h ee  hhhheee eh  h  e h  ea t e   eh tale re te     a

Total training time: 164.41 seconds
Total steps: 1 for 1 tokens
Avg decoded per step: 1.00

Output:
The Independent a
