0.558212 M parameters
step 0: train loss 2.9957, val loss 2.9957, time 0.68 seconds
struct acc 0.0950
Total steps: 240 for 240 tokens
Avg decoded per step: 1.00
Sample:
{"a":58955505,"b020011000212112121212021211001001222002200222211100222010100112020001020112012012020200021211022110211220202121202012012220121021200002002000201220010222120000012220012120211200111100120110210000211012212111012110102112102011100121200202201

step 200: train loss 0.7568, val loss 0.7522, time 68.15 seconds
struct acc 0.6191
Total steps: 16 for 240 tokens
Avg decoded per step: 15.00
Sample:
{"a":95438716,"b950133455055555555995555595555555555595555555555855555555555555555555555555555525555555555555555455555555555555555555555555555552555555255552552055555555555555555555525255551555552555552555555055555555555555555552255555555555555255555555525

step 400: train loss 0.7244, val loss 0.7149, time 127.17 seconds
struct acc 0.6531
Total steps: 61 for 240 tokens
Avg decoded per step: 3.93
Sample:
{"a":43759745,"b497354454994444444444444444344444444444449244444994444444444144444444415444444441441444454444444924444444444844444444444444444444444444454444444934444444448444444448485444444444444444224444444994444444414444444444440844444444444444444594444

step 600: train loss 0.6164, val loss 0.6183, time 189.39 seconds
struct acc 0.7262
Total steps: 39 for 240 tokens
Avg decoded per step: 6.15
Sample:
{"a":65982628,"b659881858888188881888888888888888888888888888888048888888488888888886888888888888888888648888888148888888888888888888888888888888888888888888648388888888888888888888888888888888888888888888888148888888888888888888888888888888888888888888888

step 800: train loss 0.4002, val loss 0.4130, time 248.68 seconds
struct acc 0.8153
Total steps: 17 for 240 tokens
Avg decoded per step: 14.12
Sample:
{"a":67470418,"b844444488488411444444444444444444444444444444444554444444444444444444444444444444444444444444444004444444444444444444444444444444444444444444444844444444444444444444444444444444444444444444444844444444444444444444444444444444444444444444444

step 999: train loss 0.2341, val loss 0.2358, time 307.03 seconds
struct acc 0.9244
Total steps: 24 for 240 tokens
Avg decoded per step: 10.00
Sample:
{"a":47620002,"b776220772632000703777777777777777777777777767777377777777777777777777777777777777777777777777777077777777777777777777777777777777777777777777777877777777771777777777777777777777777777777777777077777777771777777777777777777777777777777777777

Total training time: 310.56 seconds
Total steps: 1 for 1 tokens
Avg decoded per step: 1.00

Output:
{"a":09989370,"b5
