0.558212 M parameters
step 0: train loss 2.9957, val loss 2.9957, time 0.71 seconds
struct acc 0.0950
Total steps: 240 for 240 tokens
Avg decoded per step: 1.00
Sample:
{"a":58955505,"b020011000212112121212021211001001222002200222211100222010100112020001020112012012020200021211022110211220202121202012012220121021200002002000201220010222120000012220012120211200111100120110210000211012212111012110102112102011100121200202201

step 200: train loss 1.3061, val loss 1.2980, time 63.08 seconds
struct acc 0.5181
Total steps: 224 for 240 tokens
Avg decoded per step: 1.07
Sample:
{"a":95438716,"b388773877876867886385838883838583838383848587878888888885868687848885838585888888078888888888888887888986868383838388888988888888888889888888888887888385838387878789998888898888898888888889888884888838689858885858809808888880088888889888988

step 400: train loss 1.7557, val loss 1.7538, time 122.69 seconds
struct acc 0.3281
Total steps: 174 for 240 tokens
Avg decoded per step: 1.38
Sample:
{"a":43759745,"b753959595959595959595959595959595959595959595959999999999999995999995995999599995999599999599995599999599999999999599999999599999999999599599995299999999999959999995999959999599599599999599959999959959959999599995995995999599599599599599959

step 600: train loss 1.1614, val loss 1.1656, time 182.47 seconds
struct acc 0.5494
Total steps: 222 for 240 tokens
Avg decoded per step: 1.08
Sample:
{"a":65982628,"b828882888808880828080808082808082808180808082808088078828886868282828280818380808080858080828080788078818880808080828580818082808280808582808582688088808080808082808280808080808283828080808280788068828880888680808080808080808082808080828082

step 800: train loss 1.1569, val loss 1.1596, time 253.92 seconds
struct acc 0.5525
Total steps: 59 for 240 tokens
Avg decoded per step: 4.07
Sample:
{"a":67470418,"b721117111111111151155114511451145714571455115551715551555555555555555555555555555555555557555555555555555555555555555555555555555555555555555555555555555555555555555555555555555555555557555555555555555555555555555555555555555555555555555555

step 999: train loss 1.1518, val loss 1.1516, time 311.79 seconds
struct acc 0.5444
Total steps: 51 for 240 tokens
Avg decoded per step: 4.71
Sample:
{"a":47620002,"b670000007000070000000000100000000001001000000010000000000010000000000100100000000000000000000001000000010010010000100000000000000000000010000100000000000010000000000100100000000000000000000001000000010010010000100000000000000000000010010100

Total training time: 315.59 seconds
Total steps: 1 for 1 tokens
Avg decoded per step: 1.00

Output:
{"a":09989370,"b0
