0.55822 M parameters
step 0: train loss 2.9957, val loss 2.9957, time 0.38 seconds
struct acc 0.0969, exact 0.0000
Total steps: 240 for 240 tokens
Avg decoded per step: 1.00
Sample:
{"a":67106993,"b020011000212112121212021211001001222002200222211100222010100112020001020112012012020200021211022110211220202121202012012220121021200002002000201220010222120000012220012120211200111100120110210000211012212111012110102112102011100121200202201

step 50: train loss 2.0346, val loss 2.0290, time 21.81 seconds
struct acc 0.2647, exact 0.0000
Total steps: 240 for 240 tokens
Avg decoded per step: 1.00
Sample:
{"a":67834520,"b473374643776437337734737373343344747347474744434043473474334434374473347474344344377333443433474444333344334334434334434443373434334374343347443333743433343434447433434443434444373333433443444347447473433347443333433743373433343434337333343

step 99: train loss 1.6282, val loss 1.6342, time 43.34 seconds
struct acc 0.3672, exact 0.0000
Total steps: 240 for 240 tokens
Avg decoded per step: 1.00
Sample:
{"a":71877894,"b788748778747887487788788778887778787888877887887888888188888888888888888888888888888888888688888888888888688888888888888888888888888888888888888688888888888888888788858888888888888888878888888888888888888888888888868888886888888888888188888

Total training time: 51.01 seconds
Total steps: 1 for 1 tokens
Avg decoded per step: 1.00

Output:
{"a":70873761,"b7
