0.558212 M parameters
step 0: train loss 2.9957, val loss 2.9957, time 0.58 seconds
struct acc 0.0950
Total steps: 240 for 240 tokens
Avg decoded per step: 1.00
Sample:
{"a":58955505,"b020011000212112121212021211001001222002200222211100222010100112020001020112012012020200021211022110211220202121202012012220121021200002002000201220010222120000012220012120211200111100120110210000211012212111012110102112102011100121200202201

step 50: train loss 2.0275, val loss 2.0366, time 21.95 seconds
struct acc 0.2675
Total steps: 240 for 240 tokens
Avg decoded per step: 1.00
Sample:
{"a":34227618,"b742341248888884484248488844444244448448824888488114888418444144814488484148884844111841444444144448444418444144484448144414814148444814844141188844848844111848414141148848188448448144448844441884818444844144144484811441141418481184144411414

step 100: train loss 1.5718, val loss 1.5789, time 43.49 seconds
struct acc 0.3891
Total steps: 88 for 240 tokens
Avg decoded per step: 2.73
Sample:
{"a":33665710,"b366060660300666000606000000000000060600000000000000000000000000000000000000000000000000000000000000000000000000000000000000000000000000000000000000000000008000000000000000000000000000000000000000000000000000000000000000000000000000000000008

step 150: train loss 1.8926, val loss 1.9034, time 62.39 seconds
struct acc 0.4022
Total steps: 197 for 240 tokens
Avg decoded per step: 1.22
Sample:
{"a":06424121,"b444111214411241117117117118171171032338393383373833333843338743845400484045440420207405000920225800002150080701080606030308080878888555865989325058880888878887888880278480808680808684848984898788888388888588886888788082888089898080838689808

step 199: train loss 1.1771, val loss 1.1743, time 82.87 seconds
struct acc 0.5469
Total steps: 211 for 240 tokens
Avg decoded per step: 1.14
Sample:
{"a":37612729,"b677772967777986777909099885866665656908094919999599999231999689393556963335132833388236325022020801320901200049099994445401000071000006211000171880011940111334111925644928556111261112858126666031116904669009930000092220004470000444300049494

Total training time: 89.45 seconds
Total steps: 1 for 1 tokens
Avg decoded per step: 1.00

Output:
{"a":96472722,"b4
