0.558212 M parameters
step 0: train loss 2.9957, val loss 2.9957, time 0.58 seconds
struct acc 0.0950
Total steps: 240 for 240 tokens
Avg decoded per step: 1.00
Sample:
{"a":58955505,"b020011000212112121212021211001001222002200222211100222010100112020001020112012012020200021211022110211220202121202012012220121021200002002000201220010222120000012220012120211200111100120110210000211012212111012110102112102011100121200202201

step 50: train loss 1.7971, val loss 1.7851, time 21.73 seconds
struct acc 0.3503
Total steps: 240 for 240 tokens
Avg decoded per step: 1.00
Sample:
{"a":34227618,"b733373333736373333333733333333373333333333337333133333333331373333331373333333333331333733733333333333333133333337333377333333333371333337333333333177133373333373130337333333733337333333313333133333373333333333771333337333333333333333333333

step 100: train loss 1.0785, val loss 1.0930, time 42.69 seconds
struct acc 0.5366
Total steps: 20 for 240 tokens
Avg decoded per step: 12.00
Sample:
{"a":33665710,"b363633363633363633663363333333663333336336333333333333333333333333333333333333333333333333333333333333333303333333333333303333333333333333333333333333333333333333333333333333333333333333333333333333333333333333333333333333333333333333333333

step 150: train loss 0.8585, val loss 0.8698, time 60.09 seconds
struct acc 0.6041
Total steps: 13 for 240 tokens
Avg decoded per step: 18.46
Sample:
{"a":06424121,"b011142100117111111117111117111111711111111111111111611111111111111111111111111111111111111111111111111111111111111111711711111111111111171111177111111117711171177771111171117777777711111711117117111111711111717111111111111117117111111171111

step 199: train loss 0.5212, val loss 0.5399, time 76.86 seconds
struct acc 0.7450
Total steps: 15 for 240 tokens
Avg decoded per step: 16.00
Sample:
{"a":37612729,"b373792277722272722222227222222222222222229222722222222222222222222222222222222222222222222222222222222222222222222222222222222222222222222222222222222222222222222222222222222222222222222222222222622222222222222222222222222222222222222222222

Total training time: 80.26 seconds
Total steps: 1 for 1 tokens
Avg decoded per step: 1.00

Output:
{"a":96472722,"b9
