0.558212 M parameters
step 0: train loss 2.9957, val loss 2.9957, time 0.55 seconds
struct acc 0.0950
Total steps: 240 for 240 tokens
Avg decoded per step: 1.00
Sample:
{"a":58955505,"b020011000212112121212021211001001222002200222211100222010100112020001020112012012020200021211022110211220202121202012012220121021200002002000201220010222120000012220012120211200111100120110210000211012212111012110102112102011100121200202201

step 50: train loss 2.0275, val loss 2.0365, time 19.87 seconds
struct acc 0.2675
Total steps: 240 for 240 tokens
Avg decoded per step: 1.00
Sample:
{"a":34227618,"b742341248888884484248488844444244448448824888488114888418444144814488484148884844111841444444144448444418444144484448144414814148444814844141188844848844111848414141148848188448448144448844441884818444844144144484811441141418481184144411414

step 100: train loss 1.5547, val loss 1.5570, time 40.39 seconds
struct acc 0.3978
Total steps: 85 for 240 tokens
Avg decoded per step: 2.82
Sample:
{"a":33665710,"b366060360080030000000000080000080000000000800000000000000000000000000000000000000000000000000000040000400000400000000000000000000080000000000000000000000000000000000000000000000000000000000000000000000000000000000000000080000000000000000000

step 150: train loss 1.5097, val loss 1.4962, time 58.65 seconds
struct acc 0.4172
Total steps: 197 for 240 tokens
Avg decoded per step: 1.22
Sample:
{"a":06424121,"b644411424148244474441244442244624148744784424432814446144477448417487471477417467437778177587789447774477687776477787747734369723784277744377684337773377384297754644844668724993790412948029164775397773777379667768773479307309376483742273908

step 199: train loss 1.1769, val loss 1.1731, time 77.80 seconds
struct acc 0.5456
Total steps: 227 for 240 tokens
Avg decoded per step: 1.06
Sample:
{"a":37612729,"b712222911222652227822974586596786186549581249674885096580455719421668534970067556460582196228864753256450226495522675865120947675580424869675106875240458556274892906552425800095746471830269458514746517695248751697554200622899975164775066246

Total training time: 84.45 seconds
Total steps: 1 for 1 tokens
Avg decoded per step: 1.00

Output:
{"a":96472722,"b6
