0.558212 M parameters
step 0: train loss 2.9957, val loss 2.9957, time 0.59 seconds
struct acc 0.0950
Total steps: 240 for 240 tokens
Avg decoded per step: 1.00
Sample:
{"a":58955505,"b020011000212112121212021211001001222002200222211100222010100112020001020112012012020200021211022110211220202121202012012220121021200002002000201220010222120000012220012120211200111100120110210000211012212111012110102112102011100121200202201

step 50: train loss 1.7908, val loss 1.7833, time 20.49 seconds
struct acc 0.3525
Total steps: 240 for 240 tokens
Avg decoded per step: 1.00
Sample:
{"a":34227618,"b233666661366663666336636633661636313311333363163333333333333333333331333333333133336333613333313333136363133333133333333363333133331333663333133633363633316313331633613333363333333363636333333633333333333333613333633333331133636333333133363

step 100: train loss 1.1203, val loss 1.1187, time 41.06 seconds
struct acc 0.5066
Total steps: 53 for 240 tokens
Avg decoded per step: 4.53
Sample:
{"a":33665710,"b366665566665566655566555555565565565557555555555555555555555555555555555555555555565555555555555555550555555555555555555555555555555555555555555555555055555555555555555555555555555555555555555555555555555555555555555555555555556555555555555

step 150: train loss 0.8315, val loss 0.8327, time 58.65 seconds
struct acc 0.6112
Total steps: 26 for 240 tokens
Avg decoded per step: 9.23
Sample:
{"a":06424121,"b041446144444141444444444144441141444444414444144594444444444444444444444444444444444444444444444444444444444444444444444444444444444444444444444454444444444444444444444444444444444444444444444444444444444444444444444444444444444444444444444

step 199: train loss 0.4988, val loss 0.5079, time 75.19 seconds
struct acc 0.7725
Total steps: 35 for 240 tokens
Avg decoded per step: 6.86
Sample:
{"a":37612729,"b373222523272924722223277222222232277222222222222222222222222222222222222222222222222222222222222122222222222222222222222222222222222222222222222222222222222222222222222222222222222222252222222222222252222222222222522222222222222522222222252

Total training time: 78.84 seconds
Total steps: 1 for 1 tokens
Avg decoded per step: 1.00

Output:
{"a":96472722,"b9
