0.557452 M parameters
step 0: train loss 2.8332, val loss 2.8332, time 0.24 seconds
constr acc 0.1209
mask[21:37] len=16
IN[0:77]: P=7427418433757586|M=________________|R=06###################################
GT[21:37]: 6060606060606060
PR[21:37]: 0000000000000000
step 500: train loss 2.1548, val loss 2.1661, time 268.58 seconds
constr acc 0.1506
mask[21:37] len=16
IN[0:77]: P=4172126777891886|M=________________|R=58###################################
GT[21:37]: 6585858585858585
PR[21:37]: 6333333333333333
step 999: train loss 2.1560, val loss 2.1553, time 537.65 seconds
constr acc 0.1628
mask[21:37] len=16
IN[0:77]: P=5506062696895811|M=________________|R=06###################################
GT[21:37]: 1060606060606060
PR[21:37]: 1888888888888888
Total training time: 543.45 seconds
