0.557452 M parameters
step 0: train loss 2.8332, val loss 2.8332, time 0.24 seconds
constr acc 0.1209
mask[21:37] len=16
IN[0:77]: P=7427418433757586|M=________________|R=06###################################
GT[21:37]: 6060606060606060
PR[21:37]: 0000000000000000
step 500: train loss 0.5194, val loss 0.5327, time 273.98 seconds
constr acc 0.6525
mask[21:37] len=16
IN[0:77]: P=4172126777891886|M=________________|R=58###################################
GT[21:37]: 6585858585858585
PR[21:37]: 6585555555888888
step 999: train loss 0.2892, val loss 0.2616, time 547.35 seconds
constr acc 0.8281
mask[21:37] len=16
IN[0:77]: P=5506062696895811|M=________________|R=06###################################
GT[21:37]: 1060606060606060
PR[21:37]: 1060606066666660
Total training time: 553.24 seconds
