0.557452 M parameters
step 0: train loss 2.8332, val loss 2.8332, time 0.24 seconds
rightcopy acc 0.0944
mask[21:37] len=16
IN[0:77]: L=9298700279200132|M=________________|R=6875139176085332#####################
GT[21:37]: 6875139176085332
PR[21:37]: 0000000000000000
step 500: train loss 2.3066, val loss 2.3030, time 271.55 seconds
rightcopy acc 0.1009
mask[21:37] len=16
IN[0:77]: L=3477167249418189|M=________________|R=7821483449715963#####################
GT[21:37]: 7821483449715963
PR[21:37]: 1111111111111111
step 999: train loss 2.3030, val loss 2.3021, time 542.76 seconds
rightcopy acc 0.1075
mask[21:37] len=16
IN[0:77]: L=3215429687816290|M=________________|R=4953739260159590#####################
GT[21:37]: 4953739260159590
PR[21:37]: 3333333333333333
Total training time: 548.67 seconds
